  2.0900000000000027e+01,                      382,   1.0000000000000142e-01,                      inf
  2.0800000000000026e+01,                      382,   1.0000000000000142e-01,                      inf
  2.1000000000000028e+01,                      382,   1.0000000000000142e-01,                      inf
  2.1100000000000030e+01,                      382,   1.0000000000000142e-01,                      inf
  2.1200000000000031e+01,                      382,   1.0000000000000142e-01,                      inf
  2.1300000000000033e+01,                      382,   1.0000000000000142e-01,                      inf
  2.1400000000000034e+01,                      382,   1.0000000000000142e-01,                      inf
  2.1500000000000036e+01,                      382,   1.0000000000000142e-01,                      inf
  2.1600000000000037e+01,                      382,   1.0000000000000142e-01,                      inf
  2.1700000000000038e+01,                      382,   1.0000000000000142e-01,                      inf
  2.1800000000000040e+01,                      382,   1.0000000000000142e-01,                      inf
  2.1900000000000041e+01,                      382,   1.0000000000000142e-01,                      inf
  2.2000000000000043e+01,                      382,   1.0000000000000142e-01,                      inf
  2.2100000000000044e+01,                      382,   1.0000000000000142e-01,                      inf
  2.2200000000000045e+01,                      382,   1.0000000000000142e-01,                      inf
  2.2300000000000047e+01,                      382,   1.0000000000000142e-01,                      inf
  2.2400000000000048e+01,                      382,   1.0000000000000142e-01,                      inf
  2.2500000000000050e+01,                      382,   1.0000000000000142e-01,                      inf
  2.2600000000000051e+01,                      382,   1.0000000000000142e-01,                      inf
  2.2700000000000053e+01,                      382,   1.0000000000000142e-01,                      inf
  2.2800000000000054e+01,                      382,   1.0000000000000142e-01,                      inf
  2.2900000000000055e+01,                      382,   1.0000000000000142e-01,                      inf
  2.3000000000000057e+01,                      382,   1.0000000000000142e-01,                      inf
  2.3100000000000058e+01,                      382,   1.0000000000000142e-01,                      inf
  2.3200000000000060e+01,                      382,   1.0000000000000142e-01,                      inf
  2.3300000000000061e+01,                      382,   1.0000000000000142e-01,                      inf
  2.3400000000000063e+01,                      382,   1.0000000000000142e-01,                      inf
  2.3500000000000064e+01,                      382,   1.0000000000000142e-01,                      inf
  2.3600000000000065e+01,                      382,   1.0000000000000142e-01,                      inf
  2.3700000000000067e+01,                      382,   1.0000000000000142e-01,                      inf
  2.3800000000000068e+01,                      382,   1.0000000000000142e-01,                      inf
  2.3900000000000070e+01,                      382,   1.0000000000000142e-01,                      inf
  2.4000000000000071e+01,                      382,   1.0000000000000142e-01,                      inf
  2.4100000000000072e+01,                      382,   1.0000000000000142e-01,                      inf
  2.4200000000000074e+01,                      382,   1.0000000000000142e-01,                      inf
  2.4300000000000075e+01,                      382,   1.0000000000000142e-01,                      inf
  2.4400000000000077e+01,                      382,   1.0000000000000142e-01,                      inf
  2.4500000000000078e+01,                      382,   1.0000000000000142e-01,                      inf
  2.4600000000000080e+01,                      382,   1.0000000000000142e-01,                      inf
  2.4700000000000081e+01,                      382,   1.0000000000000142e-01,                      inf
  2.4800000000000082e+01,                      382,   1.0000000000000142e-01,                      inf
  2.4900000000000084e+01,                      382,   1.0000000000000142e-01,                      inf
  2.5000000000000085e+01,                      382,   1.0000000000000142e-01,                      inf
  2.5100000000000087e+01,                      382,   1.0000000000000142e-01,                      inf
  2.5200000000000088e+01,                      382,   1.0000000000000142e-01,                      inf
  2.5300000000000090e+01,                      382,   1.0000000000000142e-01,                      inf
  2.5400000000000091e+01,                      382,   1.0000000000000142e-01,                      inf
  2.5500000000000092e+01,                      382,   1.0000000000000142e-01,                      inf
  2.5600000000000094e+01,                      382,   1.0000000000000142e-01,                      inf
  2.5700000000000095e+01,                      382,   1.0000000000000142e-01,                      inf
  2.5800000000000097e+01,                      382,   1.0000000000000142e-01,                      inf
  2.5900000000000098e+01,                      382,   1.0000000000000142e-01,                      inf
  2.6000000000000099e+01,                      382,   1.0000000000000142e-01,                      inf
  2.6100000000000101e+01,                      382,   1.0000000000000142e-01,                      inf
  2.6200000000000102e+01,                      382,   1.0000000000000142e-01,                      inf
  2.6300000000000104e+01,                      382,   1.0000000000000142e-01,                      inf
  2.6400000000000105e+01,                      382,   1.0000000000000142e-01,                      inf
  2.6500000000000107e+01,                      382,   1.0000000000000142e-01,                      inf
  2.6600000000000108e+01,                      382,   1.0000000000000142e-01,                      inf
  2.6700000000000109e+01,                      382,   1.0000000000000142e-01,                      inf
  2.6800000000000111e+01,                      382,   1.0000000000000142e-01,                      inf
  2.6900000000000112e+01,                      382,   1.0000000000000142e-01,                      inf
  2.7000000000000114e+01,                      382,   1.0000000000000142e-01,                      inf
  2.7100000000000115e+01,                      382,   1.0000000000000142e-01,                      inf
  2.7200000000000117e+01,                      382,   1.0000000000000142e-01,                      inf
  2.7300000000000118e+01,                      382,   1.0000000000000142e-01,                      inf
  2.7400000000000119e+01,                      382,   1.0000000000000142e-01,                      inf
  2.7500000000000121e+01,                      382,   1.0000000000000142e-01,                      inf
  2.7600000000000122e+01,                      382,   1.0000000000000142e-01,                      inf
  2.7700000000000124e+01,                      382,   1.0000000000000142e-01,                      inf
  2.7800000000000125e+01,                      382,   1.0000000000000142e-01,                      inf
  2.7900000000000126e+01,                      382,   1.0000000000000142e-01,                      inf
  2.8000000000000128e+01,                      382,   1.0000000000000142e-01,                      inf
  2.8100000000000129e+01,                      382,   1.0000000000000142e-01,                      inf
  2.8200000000000131e+01,                      382,   1.0000000000000142e-01,                      inf
  2.8300000000000132e+01,                      382,   1.0000000000000142e-01,                      inf
  2.8400000000000134e+01,                      382,   1.0000000000000142e-01,                      inf
  2.8500000000000135e+01,                      382,   1.0000000000000142e-01,                      inf
  2.8600000000000136e+01,                      382,   1.0000000000000142e-01,                      inf
  2.8700000000000138e+01,                      382,   1.0000000000000142e-01,                      inf
  2.8800000000000139e+01,                      382,   1.0000000000000142e-01,                      inf
  2.8900000000000141e+01,                      382,   1.0000000000000142e-01,                      inf
  2.9000000000000142e+01,                      382,   1.0000000000000142e-01,                      inf
  2.9100000000000144e+01,                      382,   1.0000000000000142e-01,                      inf
  2.9200000000000145e+01,                      382,   1.0000000000000142e-01,                      inf
  2.9300000000000146e+01,                      382,   1.0000000000000142e-01,                      inf
  2.9400000000000148e+01,                      382,   1.0000000000000142e-01,                      inf
  2.9500000000000149e+01,                      382,   1.0000000000000142e-01,                      inf
  2.9600000000000151e+01,                      382,   1.0000000000000142e-01,                      inf
  2.9700000000000152e+01,                      382,   1.0000000000000142e-01,                      inf
  2.9800000000000153e+01,                      382,   1.0000000000000142e-01,                      inf
  2.9900000000000155e+01,                      382,   1.0000000000000142e-01,                      inf
  3.0000000000000156e+01,                      382,   1.0000000000000142e-01,                      inf
  3.0100000000000158e+01,                      382,   1.0000000000000142e-01,                      inf
  3.0200000000000159e+01,                      382,   1.0000000000000142e-01,                      inf
  3.0300000000000161e+01,                      382,   1.0000000000000142e-01,                      inf
  3.0400000000000162e+01,                      382,   1.0000000000000142e-01,                      inf
  3.0500000000000163e+01,                      382,   1.0000000000000142e-01,                      inf
  3.0600000000000165e+01,                      382,   1.0000000000000142e-01,                      inf
  3.0700000000000166e+01,                      382,   1.0000000000000142e-01,                      inf
  3.0800000000000168e+01,                      382,   1.0000000000000142e-01,                      inf
  3.0900000000000169e+01,                      382,   1.0000000000000142e-01,                      inf
  3.1000000000000171e+01,                      382,   1.0000000000000142e-01,                      inf
  3.1100000000000172e+01,                      382,   1.0000000000000142e-01,                      inf
  3.1200000000000173e+01,                      382,   1.0000000000000142e-01,                      inf
  3.1300000000000175e+01,                      382,   1.0000000000000142e-01,                      inf
  3.1400000000000176e+01,                      382,   1.0000000000000142e-01,                      inf
  3.1500000000000178e+01,                      382,   1.0000000000000142e-01,                      inf
  3.1600000000000179e+01,                      382,   1.0000000000000142e-01,                      inf
  3.1700000000000180e+01,                      382,   1.0000000000000142e-01,                      inf
  3.1800000000000182e+01,                      382,   1.0000000000000142e-01,                      inf
  3.1900000000000183e+01,                      382,   1.0000000000000142e-01,                      inf
  3.2000000000000185e+01,                      382,   1.0000000000000142e-01,                      inf
  3.2100000000000186e+01,                      382,   1.0000000000000142e-01,                      inf
  3.2200000000000188e+01,                      382,   1.0000000000000142e-01,                      inf
  3.2300000000000189e+01,                      382,   1.0000000000000142e-01,                      inf
  3.2400000000000190e+01,                      382,   1.0000000000000142e-01,                      inf
  3.2500000000000192e+01,                      382,   1.0000000000000142e-01,                      inf
  3.2600000000000193e+01,                      382,   1.0000000000000142e-01,                      inf
  3.2700000000000195e+01,                      382,   1.0000000000000142e-01,                      inf
  3.2800000000000196e+01,                      382,   1.0000000000000142e-01,                      inf
  3.2900000000000198e+01,                      382,   1.0000000000000142e-01,                      inf
  3.3000000000000199e+01,                      382,   1.0000000000000142e-01,                      inf
  3.3100000000000200e+01,                      382,   1.0000000000000142e-01,                      inf
  3.3200000000000202e+01,                      382,   1.0000000000000142e-01,                      inf
  3.3300000000000203e+01,                      382,   1.0000000000000142e-01,                      inf
  3.3400000000000205e+01,                      382,   1.0000000000000142e-01,                      inf
  3.3500000000000206e+01,                      382,   1.0000000000000142e-01,                      inf
  3.3600000000000207e+01,                      382,   1.0000000000000142e-01,                      inf
  3.3700000000000209e+01,                      382,   1.0000000000000142e-01,                      inf
  3.3800000000000210e+01,                      382,   1.0000000000000142e-01,                      inf
  3.3900000000000212e+01,                      382,   1.0000000000000142e-01,                      inf
  3.4000000000000213e+01,                      382,   1.0000000000000142e-01,                      inf
  3.4100000000000215e+01,                      382,   1.0000000000000142e-01,                      inf
  3.4200000000000216e+01,                      382,   1.0000000000000142e-01,                      inf
  3.4300000000000217e+01,                      382,   1.0000000000000142e-01,                      inf
  3.4400000000000219e+01,                      382,   1.0000000000000142e-01,                      inf
  3.4500000000000220e+01,                      382,   1.0000000000000142e-01,                      inf
  3.4600000000000222e+01,                      382,   1.0000000000000142e-01,                      inf
  3.4700000000000223e+01,                      382,   1.0000000000000142e-01,                      inf
  3.4800000000000225e+01,                      382,   1.0000000000000142e-01,                      inf
  3.4900000000000226e+01,                      382,   1.0000000000000142e-01,                      inf
  3.5000000000000227e+01,                      382,   1.0000000000000142e-01,                      inf
  3.5100000000000229e+01,                      382,   1.0000000000000142e-01,                      inf
  3.5200000000000230e+01,                      382,   1.0000000000000142e-01,                      inf
  3.5300000000000232e+01,                      382,   1.0000000000000142e-01,                      inf
  3.5400000000000233e+01,                      382,   1.0000000000000142e-01,                      inf
  3.5500000000000234e+01,                      382,   1.0000000000000142e-01,                      inf
  3.5600000000000236e+01,                      382,   1.0000000000000142e-01,                      inf
  3.5700000000000237e+01,                      382,   1.0000000000000142e-01,                      inf
  3.5800000000000239e+01,                      382,   1.0000000000000142e-01,                      inf
  3.5900000000000240e+01,                      382,   1.0000000000000142e-01,                      inf
  3.6000000000000242e+01,                      382,   1.0000000000000142e-01,                      inf
  3.6100000000000243e+01,                      382,   1.0000000000000142e-01,                      inf
  3.6200000000000244e+01,                      382,   1.0000000000000142e-01,                      inf
  3.6300000000000246e+01,                      382,   1.0000000000000142e-01,                      inf
  3.6400000000000247e+01,                      382,   1.0000000000000142e-01,                      inf
  3.6500000000000249e+01,                      382,   1.0000000000000142e-01,                      inf
  3.6600000000000250e+01,                      382,   1.0000000000000142e-01,                      inf
  3.6700000000000252e+01,                      382,   1.0000000000000142e-01,                      inf
  3.6800000000000253e+01,                      382,   1.0000000000000142e-01,                      inf
  3.6900000000000254e+01,                      382,   1.0000000000000142e-01,                      inf
  3.7000000000000256e+01,                      382,   1.0000000000000142e-01,                      inf
  3.7100000000000257e+01,                      382,   1.0000000000000142e-01,                      inf
  3.7200000000000259e+01,                      382,   1.0000000000000142e-01,                      inf
  3.7300000000000260e+01,                      382,   1.0000000000000142e-01,                      inf
  3.7400000000000261e+01,                      382,   1.0000000000000142e-01,                      inf
  3.7500000000000263e+01,                      382,   1.0000000000000142e-01,                      inf
  3.7600000000000264e+01,                      382,   1.0000000000000142e-01,                      inf
  3.7700000000000266e+01,                      382,   1.0000000000000142e-01,                      inf
  3.7800000000000267e+01,                      382,   1.0000000000000142e-01,                      inf
  3.7900000000000269e+01,                      382,   1.0000000000000142e-01,                      inf
  3.8000000000000270e+01,                      382,   1.0000000000000142e-01,                      inf
  3.8100000000000271e+01,                      382,   1.0000000000000142e-01,                      inf
  3.8200000000000273e+01,                      382,   1.0000000000000142e-01,                      inf
  3.8300000000000274e+01,                      382,   1.0000000000000142e-01,                      inf
  3.8400000000000276e+01,                      382,   1.0000000000000142e-01,                      inf
  3.8500000000000277e+01,                      382,   1.0000000000000142e-01,                      inf
  3.8600000000000279e+01,                      382,   1.0000000000000142e-01,                      inf
  3.8700000000000280e+01,                      382,   1.0000000000000142e-01,                      inf
  3.8800000000000281e+01,                      382,   1.0000000000000142e-01,                      inf
  3.8900000000000283e+01,                      382,   1.0000000000000142e-01,                      inf
  3.9000000000000284e+01,                      382,   1.0000000000000142e-01,                      inf
  3.9100000000000286e+01,                      382,   1.0000000000000142e-01,                      inf
  3.9200000000000287e+01,                      382,   1.0000000000000142e-01,                      inf
  3.9300000000000288e+01,                      382,   1.0000000000000142e-01,                      inf
  3.9400000000000290e+01,                      382,   1.0000000000000142e-01,                      inf
  3.9500000000000291e+01,                      382,   1.0000000000000142e-01,                      inf
  3.9600000000000293e+01,                      382,   1.0000000000000142e-01,                      inf
  3.9700000000000294e+01,                      382,   1.0000000000000142e-01,                      inf
  3.9800000000000296e+01,                      382,   1.0000000000000142e-01,                      inf
  3.9900000000000297e+01,                      382,   1.0000000000000142e-01,                      inf
  4.0000000000000298e+01,                      382,   1.0000000000000142e-01,                      inf
  4.0100000000000300e+01,                      382,   1.0000000000000142e-01,                      inf
  4.0200000000000301e+01,                      382,   1.0000000000000142e-01,                      inf
  4.0300000000000303e+01,                      382,   1.0000000000000142e-01,                      inf
  4.0400000000000304e+01,                      382,   1.0000000000000142e-01,                      inf
  4.0500000000000306e+01,                      382,   1.0000000000000142e-01,                      inf
  4.0600000000000307e+01,                      382,   1.0000000000000142e-01,                      inf
  4.0700000000000308e+01,                      382,   1.0000000000000142e-01,                      inf
  4.0800000000000310e+01,                      382,   1.0000000000000142e-01,                      inf
  4.0900000000000311e+01,                      382,   1.0000000000000142e-01,                      inf
  4.1000000000000313e+01,                      382,   1.0000000000000142e-01,                      inf
  4.1100000000000314e+01,                      382,   1.0000000000000142e-01,                      inf
  4.1200000000000315e+01,                      382,   1.0000000000000142e-01,                      inf
  4.1300000000000317e+01,                      382,   1.0000000000000142e-01,                      inf
  4.1400000000000318e+01,                      382,   1.0000000000000142e-01,                      inf
  4.1500000000000320e+01,                      382,   1.0000000000000142e-01,                      inf
  4.1600000000000321e+01,                      382,   1.0000000000000142e-01,                      inf
  4.1700000000000323e+01,                      382,   1.0000000000000142e-01,                      inf
  4.1800000000000324e+01,                      382,   1.0000000000000142e-01,                      inf
  4.1900000000000325e+01,                      382,   1.0000000000000142e-01,                      inf
  4.2000000000000327e+01,                      382,   1.0000000000000142e-01,                      inf
  4.2100000000000328e+01,                      382,   1.0000000000000142e-01,                      inf
  4.2200000000000330e+01,                      382,   1.0000000000000142e-01,                      inf
  4.2300000000000331e+01,                      382,   1.0000000000000142e-01,                      inf
  4.2400000000000333e+01,                      382,   1.0000000000000142e-01,                      inf
  4.2500000000000334e+01,                      382,   1.0000000000000142e-01,                      inf
  4.2600000000000335e+01,                      382,   1.0000000000000142e-01,                      inf
  4.2700000000000337e+01,                      382,   1.0000000000000142e-01,                      inf
  4.2800000000000338e+01,                      382,   1.0000000000000142e-01,                      inf
  4.2900000000000340e+01,                      382,   1.0000000000000142e-01,                      inf
  4.3000000000000341e+01,                      382,   1.0000000000000142e-01,                      inf
  4.3100000000000342e+01,                      382,   1.0000000000000142e-01,                      inf
  4.3200000000000344e+01,                      382,   1.0000000000000142e-01,                      inf
  4.3300000000000345e+01,                      382,   1.0000000000000142e-01,                      inf
  4.3400000000000347e+01,                      382,   1.0000000000000142e-01,                      inf
  4.3500000000000348e+01,                      382,   1.0000000000000142e-01,                      inf
  4.3600000000000350e+01,                      382,   1.0000000000000142e-01,                      inf
  4.3700000000000351e+01,                      382,   1.0000000000000142e-01,                      inf
  4.3800000000000352e+01,                      382,   1.0000000000000142e-01,                      inf
  4.3900000000000354e+01,                      382,   1.0000000000000142e-01,                      inf
  4.4000000000000355e+01,                      382,   1.0000000000000142e-01,                      inf
  4.4100000000000357e+01,                      382,   1.0000000000000142e-01,                      inf
  4.4200000000000358e+01,                      382,   1.0000000000000142e-01,                      inf
  4.4300000000000360e+01,                      382,   1.0000000000000142e-01,                      inf
  4.4400000000000361e+01,                      382,   1.0000000000000142e-01,                      inf
  4.4500000000000362e+01,                      382,   1.0000000000000142e-01,                      inf
  4.4600000000000364e+01,                      382,   1.0000000000000142e-01,                      inf
  4.4700000000000365e+01,                      382,   1.0000000000000142e-01,                      inf
  4.4800000000000367e+01,                      382,   1.0000000000000142e-01,                      inf
  4.4900000000000368e+01,                      382,   1.0000000000000142e-01,                      inf
  4.5000000000000369e+01,                      382,   1.0000000000000142e-01,                      inf
  4.5100000000000371e+01,                      382,   1.0000000000000142e-01,                      inf
  4.5200000000000372e+01,                      382,   1.0000000000000142e-01,                      inf
  4.5300000000000374e+01,                      382,   1.0000000000000142e-01,                      inf
  4.5400000000000375e+01,                      382,   1.0000000000000142e-01,                      inf
  4.5500000000000377e+01,                      382,   1.0000000000000142e-01,                      inf
  4.5600000000000378e+01,                      382,   1.0000000000000142e-01,                      inf
  4.5700000000000379e+01,                      382,   1.0000000000000142e-01,                      inf
  4.5800000000000381e+01,                      382,   1.0000000000000142e-01,                      inf
  4.5900000000000382e+01,                      382,   1.0000000000000142e-01,                      inf
  4.6000000000000384e+01,                      382,   1.0000000000000142e-01,                      inf
  4.6100000000000385e+01,                      382,   1.0000000000000142e-01,                      inf
  4.6200000000000387e+01,                      382,   1.0000000000000142e-01,                      inf
  4.6300000000000388e+01,                      382,   1.0000000000000142e-01,                      inf
  4.6400000000000389e+01,                      382,   1.0000000000000142e-01,                      inf
  4.6500000000000391e+01,                      382,   1.0000000000000142e-01,                      inf
  4.6600000000000392e+01,                      382,   1.0000000000000142e-01,                      inf
  4.6700000000000394e+01,                      382,   1.0000000000000142e-01,                      inf
  4.6800000000000395e+01,                      382,   1.0000000000000142e-01,                      inf
  4.6900000000000396e+01,                      382,   1.0000000000000142e-01,                      inf
  4.7000000000000398e+01,                      382,   1.0000000000000142e-01,                      inf
  4.7100000000000399e+01,                      382,   1.0000000000000142e-01,                      inf
  4.7200000000000401e+01,                      382,   1.0000000000000142e-01,                      inf
  4.7300000000000402e+01,                      382,   1.0000000000000142e-01,                      inf
  4.7400000000000404e+01,                      382,   1.0000000000000142e-01,                      inf
  4.7500000000000405e+01,                      382,   1.0000000000000142e-01,                      inf
  4.7600000000000406e+01,                      382,   1.0000000000000142e-01,                      inf
  4.7700000000000408e+01,                      382,   1.0000000000000142e-01,                      inf
  4.7800000000000409e+01,                      382,   1.0000000000000142e-01,                      inf
  4.7900000000000411e+01,                      382,   1.0000000000000142e-01,                      inf
  4.8000000000000412e+01,                      382,   1.0000000000000142e-01,                      inf
  4.8100000000000414e+01,                      382,   1.0000000000000142e-01,                      inf
  4.8200000000000415e+01,                      382,   1.0000000000000142e-01,                      inf
  4.8300000000000416e+01,                      382,   1.0000000000000142e-01,                      inf
  4.8400000000000418e+01,                      382,   1.0000000000000142e-01,                      inf
  4.8500000000000419e+01,                      382,   1.0000000000000142e-01,                      inf
  4.8600000000000421e+01,                      382,   1.0000000000000142e-01,                      inf
  4.8700000000000422e+01,                      382,   1.0000000000000142e-01,                      inf
  4.8800000000000423e+01,                      382,   1.0000000000000142e-01,                      inf
  4.8900000000000425e+01,                      382,   1.0000000000000142e-01,                      inf
  4.9000000000000426e+01,                      382,   1.0000000000000142e-01,                      inf
  4.9100000000000428e+01,                      382,   1.0000000000000142e-01,                      inf
  4.9200000000000429e+01,                      382,   1.0000000000000142e-01,                      inf
  4.9300000000000431e+01,                      382,   1.0000000000000142e-01,                      inf
  4.9400000000000432e+01,                      382,   1.0000000000000142e-01,                      inf
  4.9500000000000433e+01,                      382,   1.0000000000000142e-01,                      inf
  4.9600000000000435e+01,                      382,   1.0000000000000142e-01,                      inf
  4.9700000000000436e+01,                      382,   1.0000000000000142e-01,                      inf
  4.9800000000000438e+01,                      382,   1.0000000000000142e-01,                      inf
  4.9900000000000439e+01,                      382,   1.0000000000000142e-01,                      inf
  5.0000000000000441e+01,                      382,   1.0000000000000142e-01,                      inf
  5.0100000000000442e+01,                      382,   1.0000000000000142e-01,                      inf
  5.0200000000000443e+01,                      382,   1.0000000000000142e-01,                      inf
  5.0300000000000445e+01,                      382,   1.0000000000000142e-01,                      inf
  5.0400000000000446e+01,                      382,   1.0000000000000142e-01,                      inf
  5.0500000000000448e+01,                      382,   1.0000000000000142e-01,                      inf
  5.0600000000000449e+01,                      382,   1.0000000000000142e-01,                      inf
  5.0700000000000450e+01,                      382,   1.0000000000000142e-01,                      inf
  5.0800000000000452e+01,                      382,   1.0000000000000142e-01,                      inf
  5.0900000000000453e+01,                      382,   1.0000000000000142e-01,                      inf
  5.1000000000000455e+01,                      382,   1.0000000000000142e-01,                      inf
  5.1100000000000456e+01,                      382,   1.0000000000000142e-01,                      inf
  5.1200000000000458e+01,                      382,   1.0000000000000142e-01,                      inf
  5.1300000000000459e+01,                      382,   1.0000000000000142e-01,                      inf
  5.1400000000000460e+01,                      382,   1.0000000000000142e-01,                      inf
  5.1500000000000462e+01,                      382,   1.0000000000000142e-01,                      inf
  5.1600000000000463e+01,                      382,   1.0000000000000142e-01,                      inf
  5.1700000000000465e+01,                      382,   1.0000000000000142e-01,                      inf
  5.1800000000000466e+01,                      382,   1.0000000000000142e-01,                      inf
  5.1900000000000468e+01,                      382,   1.0000000000000142e-01,                      inf
  5.2000000000000469e+01,                      382,   1.0000000000000142e-01,                      inf
  5.2100000000000470e+01,                      382,   1.0000000000000142e-01,                      inf
  5.2200000000000472e+01,                      382,   1.0000000000000142e-01,                      inf
  5.2300000000000473e+01,                      382,   1.0000000000000142e-01,                      inf
  5.2400000000000475e+01,                      382,   1.0000000000000142e-01,                      inf
  5.2500000000000476e+01,                      382,   1.0000000000000142e-01,                      inf
  5.2600000000000477e+01,                      382,   1.0000000000000142e-01,                      inf
  5.2700000000000479e+01,                      382,   1.0000000000000142e-01,                      inf
  5.2800000000000480e+01,                      382,   1.0000000000000142e-01,                      inf
  5.2900000000000482e+01,                      382,   1.0000000000000142e-01,                      inf
  5.3000000000000483e+01,                      382,   1.0000000000000142e-01,                      inf
  5.3100000000000485e+01,                      382,   1.0000000000000142e-01,                      inf
  5.3200000000000486e+01,                      382,   1.0000000000000142e-01,                      inf
  5.3300000000000487e+01,                      382,   1.0000000000000142e-01,                      inf
  5.3400000000000489e+01,                      382,   1.0000000000000142e-01,                      inf
  5.3500000000000490e+01,                      382,   1.0000000000000142e-01,                      inf
  5.3600000000000492e+01,                      382,   1.0000000000000142e-01,                      inf
  5.3700000000000493e+01,                      382,   1.0000000000000142e-01,                      inf
  5.3800000000000495e+01,                      382,   1.0000000000000142e-01,                      inf
  5.3900000000000496e+01,                      382,   1.0000000000000142e-01,                      inf
  5.4000000000000497e+01,                      382,   1.0000000000000142e-01,                      inf
  5.4100000000000499e+01,                      382,   1.0000000000000142e-01,                      inf
  5.4200000000000500e+01,                      382,   1.0000000000000142e-01,                      inf
  5.4300000000000502e+01,                      382,   1.0000000000000142e-01,                      inf
  5.4400000000000503e+01,                      382,   1.0000000000000142e-01,                      inf
  5.4500000000000504e+01,                      382,   1.0000000000000142e-01,                      inf
  5.4600000000000506e+01,                      382,   1.0000000000000142e-01,                      inf
  5.4700000000000507e+01,                      382,   1.0000000000000142e-01,                      inf
  5.4800000000000509e+01,                      382,   1.0000000000000142e-01,                      inf
  5.4900000000000510e+01,                      382,   1.0000000000000142e-01,                      inf
  5.5000000000000512e+01,                      382,   1.0000000000000142e-01,                      inf
  5.5100000000000513e+01,                      382,   1.0000000000000142e-01,                      inf
  5.5200000000000514e+01,                      382,   1.0000000000000142e-01,                      inf
  5.5300000000000516e+01,                      382,   1.0000000000000142e-01,                      inf
  5.5400000000000517e+01,                      382,   1.0000000000000142e-01,                      inf
  5.5500000000000519e+01,                      382,   1.0000000000000142e-01,                      inf
  5.5600000000000520e+01,                      382,   1.0000000000000142e-01,                      inf
  5.5700000000000522e+01,                      382,   1.0000000000000142e-01,                      inf
  5.5800000000000523e+01,                      382,   1.0000000000000142e-01,                      inf
  5.5900000000000524e+01,                      382,   1.0000000000000142e-01,                      inf
  5.6000000000000526e+01,                      382,   1.0000000000000142e-01,                      inf
  5.6100000000000527e+01,                      382,   1.0000000000000142e-01,                      inf
  5.6200000000000529e+01,                      382,   1.0000000000000142e-01,                      inf
  5.6300000000000530e+01,                      382,   1.0000000000000142e-01,                      inf
  5.6400000000000531e+01,                      382,   1.0000000000000142e-01,                      inf
  5.6500000000000533e+01,                      382,   1.0000000000000142e-01,                      inf
  5.6600000000000534e+01,                      382,   1.0000000000000142e-01,                      inf
  5.6700000000000536e+01,                      382,   1.0000000000000142e-01,                      inf
  5.6800000000000537e+01,                      382,   1.0000000000000142e-01,                      inf
  5.6900000000000539e+01,                      382,   1.0000000000000142e-01,                      inf
  5.7000000000000540e+01,                      382,   1.0000000000000142e-01,                      inf
  5.7100000000000541e+01,                      382,   1.0000000000000142e-01,                      inf
  5.7200000000000543e+01,                      382,   1.0000000000000142e-01,                      inf
  5.7300000000000544e+01,                      382,   1.0000000000000142e-01,                      inf
  5.7400000000000546e+01,                      382,   1.0000000000000142e-01,                      inf
  5.7500000000000547e+01,                      382,   1.0000000000000142e-01,                      inf
  5.7600000000000549e+01,                      382,   1.0000000000000142e-01,                      inf
  5.7700000000000550e+01,                      382,   1.0000000000000142e-01,                      inf
  5.7800000000000551e+01,                      382,   1.0000000000000142e-01,                      inf
  5.7900000000000553e+01,                      382,   1.0000000000000142e-01,                      inf
  5.8000000000000554e+01,                      382,   1.0000000000000142e-01,                      inf
  5.8100000000000556e+01,                      382,   1.0000000000000142e-01,                      inf
  5.8200000000000557e+01,                      382,   1.0000000000000142e-01,                      inf
  5.8300000000000558e+01,                      382,   1.0000000000000142e-01,                      inf
  5.8400000000000560e+01,                      382,   1.0000000000000142e-01,                      inf
  5.8500000000000561e+01,                      382,   1.0000000000000142e-01,                      inf
  5.8600000000000563e+01,                      382,   1.0000000000000142e-01,                      inf
  5.8700000000000564e+01,                      382,   1.0000000000000142e-01,                      inf
  5.8800000000000566e+01,                      382,   1.0000000000000142e-01,                      inf
  5.8900000000000567e+01,                      382,   1.0000000000000142e-01,                      inf
  5.9000000000000568e+01,                      382,   1.0000000000000142e-01,                      inf
  5.9100000000000570e+01,                      382,   1.0000000000000142e-01,                      inf
  5.9200000000000571e+01,                      382,   1.0000000000000142e-01,                      inf
  5.9300000000000573e+01,                      382,   1.0000000000000142e-01,                      inf
  5.9400000000000574e+01,                      382,   1.0000000000000142e-01,                      inf
  5.9500000000000576e+01,                      382,   1.0000000000000142e-01,                      inf
  5.9600000000000577e+01,                      382,   1.0000000000000142e-01,                      inf
  5.9700000000000578e+01,                      382,   1.0000000000000142e-01,                      inf
  5.9800000000000580e+01,                      382,   1.0000000000000142e-01,                      inf
  5.9900000000000581e+01,                      382,   1.0000000000000142e-01,                      inf
  6.0000000000000583e+01,                      382,   1.0000000000000142e-01,                      inf
  6.0100000000000584e+01,                      382,   1.0000000000000142e-01,                      inf
  6.0200000000000585e+01,                      382,   1.0000000000000142e-01,                      inf
  6.0300000000000587e+01,                      382,   1.0000000000000142e-01,                      inf
  6.0400000000000588e+01,                      382,   1.0000000000000142e-01,                      inf
  6.0500000000000590e+01,                      382,   1.0000000000000142e-01,                      inf
  6.0600000000000591e+01,                      382,   1.0000000000000142e-01,                      inf
  6.0700000000000593e+01,                      382,   1.0000000000000142e-01,                      inf
  6.0800000000000594e+01,                      382,   1.0000000000000142e-01,                      inf
  6.0900000000000595e+01,                      382,   1.0000000000000142e-01,                      inf
  6.1000000000000597e+01,                      382,   1.0000000000000142e-01,                      inf
  6.1100000000000598e+01,                      382,   1.0000000000000142e-01,                      inf
  6.1200000000000600e+01,                      382,   1.0000000000000142e-01,                      inf
  6.1300000000000601e+01,                      382,   1.0000000000000142e-01,                      inf
  6.1400000000000603e+01,                      382,   1.0000000000000142e-01,                      inf
  6.1500000000000604e+01,                      382,   1.0000000000000142e-01,                      inf
  6.1600000000000605e+01,                      382,   1.0000000000000142e-01,                      inf
  6.1700000000000607e+01,                      382,   1.0000000000000142e-01,                      inf
  6.1800000000000608e+01,                      382,   1.0000000000000142e-01,                      inf
  6.1900000000000610e+01,                      382,   1.0000000000000142e-01,                      inf
  6.2000000000000611e+01,                      382,   1.0000000000000142e-01,                      inf
  6.2100000000000612e+01,                      382,   1.0000000000000142e-01,                      inf
  6.2200000000000614e+01,                      382,   1.0000000000000142e-01,                      inf
  6.2300000000000615e+01,                      382,   1.0000000000000142e-01,                      inf
  6.2400000000000617e+01,                      382,   1.0000000000000142e-01,                      inf
  6.2500000000000618e+01,                      382,   1.0000000000000142e-01,                      inf
  6.2600000000000620e+01,                      382,   1.0000000000000142e-01,                      inf
  6.2700000000000621e+01,                      382,   1.0000000000000142e-01,                      inf
  6.2800000000000622e+01,                      382,   1.0000000000000142e-01,                      inf
  6.2900000000000624e+01,                      382,   1.0000000000000142e-01,                      inf
  6.3000000000000625e+01,                      382,   1.0000000000000142e-01,                      inf
  6.3100000000000627e+01,                      382,   1.0000000000000142e-01,                      inf
  6.3200000000000628e+01,                      382,   1.0000000000000142e-01,                      inf
  6.3300000000000630e+01,                      382,   1.0000000000000142e-01,                      inf
  6.3400000000000631e+01,                      382,   1.0000000000000142e-01,                      inf
  6.3500000000000632e+01,                      382,   1.0000000000000142e-01,                      inf
  6.3600000000000634e+01,                      382,   1.0000000000000142e-01,                      inf
  6.3700000000000635e+01,                      382,   1.0000000000000142e-01,                      inf
  6.3800000000000637e+01,                      382,   1.0000000000000142e-01,                      inf
  6.3900000000000638e+01,                      382,   1.0000000000000142e-01,                      inf
  6.4000000000000639e+01,                      382,   1.0000000000000142e-01,                      inf
  6.4100000000000634e+01,                      382,   9.9999999999994316e-02,                      inf
  6.4200000000000628e+01,                      382,   9.9999999999994316e-02,                      inf
  6.4300000000000622e+01,                      382,   9.9999999999994316e-02,                      inf
  6.4400000000000617e+01,                      382,   9.9999999999994316e-02,                      inf
  6.4500000000000611e+01,                      382,   9.9999999999994316e-02,                      inf
  6.4600000000000605e+01,                      382,   9.9999999999994316e-02,                      inf
  6.4700000000000600e+01,                      382,   9.9999999999994316e-02,                      inf
  6.4800000000000594e+01,                      382,   9.9999999999994316e-02,                      inf
  6.4900000000000588e+01,                      382,   9.9999999999994316e-02,                      inf
  6.5000000000000583e+01,                      382,   9.9999999999994316e-02,                      inf
  6.5100000000000577e+01,                      382,   9.9999999999994316e-02,                      inf
  6.5200000000000571e+01,                      382,   9.9999999999994316e-02,                      inf
  6.5300000000000566e+01,                      382,   9.9999999999994316e-02,                      inf
  6.5400000000000560e+01,                      382,   9.9999999999994316e-02,                      inf
  6.5500000000000554e+01,                      382,   9.9999999999994316e-02,                      inf
  6.5600000000000549e+01,                      382,   9.9999999999994316e-02,                      inf
  6.5700000000000543e+01,                      382,   9.9999999999994316e-02,                      inf
  6.5800000000000537e+01,                      382,   9.9999999999994316e-02,                      inf
  6.5900000000000531e+01,                      382,   9.9999999999994316e-02,                      inf
  6.6000000000000526e+01,                      382,   9.9999999999994316e-02,                      inf
  6.6100000000000520e+01,                      382,   9.9999999999994316e-02,                      inf
  6.6200000000000514e+01,                      382,   9.9999999999994316e-02,                      inf
  6.6300000000000509e+01,                      382,   9.9999999999994316e-02,                      inf
  6.6400000000000503e+01,                      382,   9.9999999999994316e-02,                      inf
  6.6500000000000497e+01,                      382,   9.9999999999994316e-02,                      inf
  6.6600000000000492e+01,                      382,   9.9999999999994316e-02,                      inf
  6.6700000000000486e+01,                      382,   9.9999999999994316e-02,                      inf
  6.6800000000000480e+01,                      382,   9.9999999999994316e-02,                      inf
  6.6900000000000475e+01,                      382,   9.9999999999994316e-02,                      inf
  6.7000000000000469e+01,                      382,   9.9999999999994316e-02,                      inf
  6.7100000000000463e+01,                      382,   9.9999999999994316e-02,                      inf
  6.7200000000000458e+01,                      382,   9.9999999999994316e-02,                      inf
  6.7300000000000452e+01,                      382,   9.9999999999994316e-02,                      inf
  6.7400000000000446e+01,                      382,   9.9999999999994316e-02,                      inf
  6.7500000000000441e+01,                      382,   9.9999999999994316e-02,                      inf
  6.7600000000000435e+01,                      382,   9.9999999999994316e-02,                      inf
  6.7700000000000429e+01,                      382,   9.9999999999994316e-02,                      inf
  6.7800000000000423e+01,                      382,   9.9999999999994316e-02,                      inf
  6.7900000000000418e+01,                      382,   9.9999999999994316e-02,                      inf
  6.8000000000000412e+01,                      382,   9.9999999999994316e-02,                      inf
  6.8100000000000406e+01,                      382,   9.9999999999994316e-02,                      inf
  6.8200000000000401e+01,                      382,   9.9999999999994316e-02,                      inf
  6.8300000000000395e+01,                      382,   9.9999999999994316e-02,                      inf
  6.8400000000000389e+01,                      382,   9.9999999999994316e-02,                      inf
  6.8500000000000384e+01,                      382,   9.9999999999994316e-02,                      inf
  6.8600000000000378e+01,                      382,   9.9999999999994316e-02,                      inf
  6.8700000000000372e+01,                      382,   9.9999999999994316e-02,                      inf
  6.8800000000000367e+01,                      382,   9.9999999999994316e-02,                      inf
  6.8900000000000361e+01,                      382,   9.9999999999994316e-02,                      inf
  6.9000000000000355e+01,                      382,   9.9999999999994316e-02,                      inf
  6.9100000000000350e+01,                      382,   9.9999999999994316e-02,                      inf
  6.9200000000000344e+01,                      382,   9.9999999999994316e-02,                      inf
  6.9300000000000338e+01,                      382,   9.9999999999994316e-02,                      inf
  6.9400000000000333e+01,                      382,   9.9999999999994316e-02,                      inf
  6.9500000000000327e+01,                      382,   9.9999999999994316e-02,                      inf
  6.9600000000000321e+01,                      382,   9.9999999999994316e-02,                      inf
  6.9700000000000315e+01,                      382,   9.9999999999994316e-02,                      inf
  6.9800000000000310e+01,                      382,   9.9999999999994316e-02,                      inf
  6.9900000000000304e+01,                      382,   9.9999999999994316e-02,                      inf
  7.0000000000000298e+01,                      382,   9.9999999999994316e-02,                      inf
  7.0100000000000293e+01,                      382,   9.9999999999994316e-02,                      inf
  7.0200000000000287e+01,                      382,   9.9999999999994316e-02,                      inf
  7.0300000000000281e+01,                      382,   9.9999999999994316e-02,                      inf
  7.0400000000000276e+01,                      382,   9.9999999999994316e-02,                      inf
  7.0500000000000270e+01,                      382,   9.9999999999994316e-02,                      inf
  7.0600000000000264e+01,                      382,   9.9999999999994316e-02,                      inf
  7.0700000000000259e+01,                      382,   9.9999999999994316e-02,                      inf
  7.0800000000000253e+01,                      382,   9.9999999999994316e-02,                      inf
  7.0900000000000247e+01,                      382,   9.9999999999994316e-02,                      inf
  7.1000000000000242e+01,                      382,   9.9999999999994316e-02,                      inf
  7.1100000000000236e+01,                      382,   9.9999999999994316e-02,                      inf
  7.1200000000000230e+01,                      382,   9.9999999999994316e-02,                      inf
  7.1300000000000225e+01,                      382,   9.9999999999994316e-02,                      inf
  7.1400000000000219e+01,                      382,   9.9999999999994316e-02,                      inf
  7.1500000000000213e+01,                      382,   9.9999999999994316e-02,                      inf
  7.1600000000000207e+01,                      382,   9.9999999999994316e-02,                      inf
  7.1700000000000202e+01,                      382,   9.9999999999994316e-02,                      inf
  7.1800000000000196e+01,                      382,   9.9999999999994316e-02,                      inf
  7.1900000000000190e+01,                      382,   9.9999999999994316e-02,                      inf
  7.2000000000000185e+01,                      382,   9.9999999999994316e-02,                      inf
  7.2100000000000179e+01,                      382,   9.9999999999994316e-02,                      inf
  7.2200000000000173e+01,                      382,   9.9999999999994316e-02,                      inf
  7.2300000000000168e+01,                      382,   9.9999999999994316e-02,                      inf
  7.2400000000000162e+01,                      382,   9.9999999999994316e-02,                      inf
  7.2500000000000156e+01,                      382,   9.9999999999994316e-02,                      inf
  7.2600000000000151e+01,                      382,   9.9999999999994316e-02,                      inf
  7.2700000000000145e+01,                      382,   9.9999999999994316e-02,                      inf
  7.2800000000000139e+01,                      382,   9.9999999999994316e-02,                      inf
  7.2900000000000134e+01,                      382,   9.9999999999994316e-02,                      inf
  7.3000000000000128e+01,                      382,   9.9999999999994316e-02,                      inf
  7.3100000000000122e+01,                      382,   9.9999999999994316e-02,                      inf
  7.3200000000000117e+01,                      382,   9.9999999999994316e-02,                      inf
  7.3300000000000111e+01,                      382,   9.9999999999994316e-02,                      inf
  7.3400000000000105e+01,                      382,   9.9999999999994316e-02,                      inf
  7.3500000000000099e+01,                      382,   9.9999999999994316e-02,                      inf
  7.3600000000000094e+01,                      382,   9.9999999999994316e-02,                      inf
  7.3700000000000088e+01,                      382,   9.9999999999994316e-02,                      inf
  7.3800000000000082e+01,                      382,   9.9999999999994316e-02,                      inf
  7.3900000000000077e+01,                      382,   9.9999999999994316e-02,                      inf
  7.4000000000000071e+01,                      382,   9.9999999999994316e-02,                      inf
  7.4100000000000065e+01,                      382,   9.9999999999994316e-02,                      inf
  7.4200000000000060e+01,                      382,   9.9999999999994316e-02,                      inf
  7.4300000000000054e+01,                      382,   9.9999999999994316e-02,                      inf
  7.4400000000000048e+01,                      382,   9.9999999999994316e-02,                      inf
  7.4500000000000043e+01,                      382,   9.9999999999994316e-02,                      inf
  7.4600000000000037e+01,                      382,   9.9999999999994316e-02,                      inf
  7.4700000000000031e+01,                      382,   9.9999999999994316e-02,                      inf
  7.4800000000000026e+01,                      382,   9.9999999999994316e-02,                      inf
  7.4900000000000020e+01,                      382,   9.9999999999994316e-02,                      inf
  7.5000000000000014e+01,                      382,   9.9999999999994316e-02,                      inf
  7.5100000000000009e+01,                      382,   9.9999999999994316e-02,                      inf
  7.5200000000000003e+01,                      382,   9.9999999999994316e-02,                      inf
  7.5299999999999997e+01,                      382,   9.9999999999994316e-02,                      inf
  7.5399999999999991e+01,                      382,   9.9999999999994316e-02,                      inf
  7.5499999999999986e+01,                      382,   9.9999999999994316e-02,                      inf
  7.5599999999999980e+01,                      382,   9.9999999999994316e-02,                      inf
  7.5699999999999974e+01,                      382,   9.9999999999994316e-02,                      inf
  7.5799999999999969e+01,                      382,   9.9999999999994316e-02,                      inf
  7.5899999999999963e+01,                      382,   9.9999999999994316e-02,                      inf
  7.5999999999999957e+01,                      382,   9.9999999999994316e-02,                      inf
  7.6099999999999952e+01,                      382,   9.9999999999994316e-02,                      inf
  7.6199999999999946e+01,                      382,   9.9999999999994316e-02,                      inf
  7.6299999999999940e+01,                      382,   9.9999999999994316e-02,                      inf
  7.6399999999999935e+01,                      382,   9.9999999999994316e-02,                      inf
  7.6499999999999929e+01,                      382,   9.9999999999994316e-02,                      inf
  7.6599999999999923e+01,                      382,   9.9999999999994316e-02,                      inf
  7.6699999999999918e+01,                      382,   9.9999999999994316e-02,                      inf
  7.6799999999999912e+01,                      382,   9.9999999999994316e-02,                      inf
  7.6899999999999906e+01,                      382,   9.9999999999994316e-02,                      inf
  7.6999999999999901e+01,                      382,   9.9999999999994316e-02,                      inf
  7.7099999999999895e+01,                      382,   9.9999999999994316e-02,                      inf
  7.7199999999999889e+01,                      382,   9.9999999999994316e-02,                      inf
  7.7299999999999883e+01,                      382,   9.9999999999994316e-02,                      inf
  7.7399999999999878e+01,                      382,   9.9999999999994316e-02,                      inf
  7.7499999999999872e+01,                      382,   9.9999999999994316e-02,                      inf
  7.7599999999999866e+01,                      382,   9.9999999999994316e-02,                      inf
  7.7699999999999861e+01,                      382,   9.9999999999994316e-02,                      inf
  7.7799999999999855e+01,                      382,   9.9999999999994316e-02,                      inf
  7.7899999999999849e+01,                      382,   9.9999999999994316e-02,                      inf
  7.7999999999999844e+01,                      382,   9.9999999999994316e-02,                      inf
  7.8099999999999838e+01,                      382,   9.9999999999994316e-02,                      inf
  7.8199999999999832e+01,                      382,   9.9999999999994316e-02,                      inf
  7.8299999999999827e+01,                      382,   9.9999999999994316e-02,                      inf
  7.8399999999999821e+01,                      382,   9.9999999999994316e-02,                      inf
  7.8499999999999815e+01,                      382,   9.9999999999994316e-02,                      inf
  7.8599999999999810e+01,                      382,   9.9999999999994316e-02,                      inf
  7.8699999999999804e+01,                      382,   9.9999999999994316e-02,                      inf
  7.8799999999999798e+01,                      382,   9.9999999999994316e-02,                      inf
  7.8899999999999793e+01,                      382,   9.9999999999994316e-02,                      inf
  7.8999999999999787e+01,                      382,   9.9999999999994316e-02,                      inf
  7.9099999999999781e+01,                      382,   9.9999999999994316e-02,                      inf
  7.9199999999999775e+01,                      382,   9.9999999999994316e-02,                      inf
  7.9299999999999770e+01,                      382,   9.9999999999994316e-02,                      inf
  7.9399999999999764e+01,                      382,   9.9999999999994316e-02,                      inf
  7.9499999999999758e+01,                      382,   9.9999999999994316e-02,                      inf
  7.9599999999999753e+01,                      382,   9.9999999999994316e-02,                      inf
  7.9699999999999747e+01,                      382,   9.9999999999994316e-02,                      inf
  7.9799999999999741e+01,                      382,   9.9999999999994316e-02,                      inf
  7.9899999999999736e+01,                      382,   9.9999999999994316e-02,                      inf
  7.9999999999999730e+01,                      382,   9.9999999999994316e-02,                      inf
  8.0099999999999724e+01,                      382,   9.9999999999994316e-02,                      inf
  8.0199999999999719e+01,                      382,   9.9999999999994316e-02,                      inf
  8.0299999999999713e+01,                      382,   9.9999999999994316e-02,                      inf
  8.0399999999999707e+01,                      382,   9.9999999999994316e-02,                      inf
  8.0499999999999702e+01,                      382,   9.9999999999994316e-02,                      inf
  8.0599999999999696e+01,                      382,   9.9999999999994316e-02,                      inf
  8.0699999999999690e+01,                      382,   9.9999999999994316e-02,                      inf
  8.0799999999999685e+01,                      382,   9.9999999999994316e-02,                      inf
  8.0899999999999679e+01,                      382,   9.9999999999994316e-02,                      inf
  8.0999999999999673e+01,                      382,   9.9999999999994316e-02,                      inf
  8.1099999999999667e+01,                      382,   9.9999999999994316e-02,                      inf
  8.1199999999999662e+01,                      382,   9.9999999999994316e-02,                      inf
  8.1299999999999656e+01,                      382,   9.9999999999994316e-02,                      inf
  8.1399999999999650e+01,                      382,   9.9999999999994316e-02,                      inf
  8.1499999999999645e+01,                      382,   9.9999999999994316e-02,                      inf
  8.1599999999999639e+01,                      382,   9.9999999999994316e-02,                      inf
  8.1699999999999633e+01,                      382,   9.9999999999994316e-02,                      inf
  8.1799999999999628e+01,                      382,   9.9999999999994316e-02,                      inf
  8.1899999999999622e+01,                      382,   9.9999999999994316e-02,                      inf
  8.1999999999999616e+01,                      382,   9.9999999999994316e-02,                      inf
  8.2099999999999611e+01,                      382,   9.9999999999994316e-02,                      inf
  8.2199999999999605e+01,                      382,   9.9999999999994316e-02,                      inf
  8.2299999999999599e+01,                      382,   9.9999999999994316e-02,                      inf
  8.2399999999999594e+01,                      382,   9.9999999999994316e-02,                      inf
  8.2499999999999588e+01,                      382,   9.9999999999994316e-02,                      inf
  8.2599999999999582e+01,                      382,   9.9999999999994316e-02,                      inf
  8.2699999999999577e+01,                      382,   9.9999999999994316e-02,                      inf
  8.2799999999999571e+01,                      382,   9.9999999999994316e-02,                      inf
  8.2899999999999565e+01,                      382,   9.9999999999994316e-02,                      inf
  8.2999999999999559e+01,                      382,   9.9999999999994316e-02,                      inf
  8.3099999999999554e+01,                      382,   9.9999999999994316e-02,                      inf
  8.3199999999999548e+01,                      382,   9.9999999999994316e-02,                      inf
  8.3299999999999542e+01,                      382,   9.9999999999994316e-02,                      inf
  8.3399999999999537e+01,                      382,   9.9999999999994316e-02,                      inf
  8.3499999999999531e+01,                      382,   9.9999999999994316e-02,                      inf
  8.3599999999999525e+01,                      382,   9.9999999999994316e-02,                      inf
  8.3699999999999520e+01,                      382,   9.9999999999994316e-02,                      inf
  8.3799999999999514e+01,                      382,   9.9999999999994316e-02,                      inf
  8.3899999999999508e+01,                      382,   9.9999999999994316e-02,                      inf
  8.3999999999999503e+01,                      382,   9.9999999999994316e-02,                      inf
  8.4099999999999497e+01,                      382,   9.9999999999994316e-02,                      inf
  8.4199999999999491e+01,                      382,   9.9999999999994316e-02,                      inf
  8.4299999999999486e+01,                      382,   9.9999999999994316e-02,                      inf
  8.4399999999999480e+01,                      382,   9.9999999999994316e-02,                      inf
  8.4499999999999474e+01,                      382,   9.9999999999994316e-02,                      inf
  8.4599999999999469e+01,                      382,   9.9999999999994316e-02,                      inf
  8.4699999999999463e+01,                      382,   9.9999999999994316e-02,                      inf
  8.4799999999999457e+01,                      382,   9.9999999999994316e-02,                      inf
  8.4899999999999451e+01,                      382,   9.9999999999994316e-02,                      inf
  8.4999999999999446e+01,                      382,   9.9999999999994316e-02,                      inf
  8.5099999999999440e+01,                      382,   9.9999999999994316e-02,                      inf
  8.5199999999999434e+01,                      382,   9.9999999999994316e-02,                      inf
  8.5299999999999429e+01,                      382,   9.9999999999994316e-02,                      inf
  8.5399999999999423e+01,                      382,   9.9999999999994316e-02,                      inf
  8.5499999999999417e+01,                      382,   9.9999999999994316e-02,                      inf
  8.5599999999999412e+01,                      382,   9.9999999999994316e-02,                      inf
  8.5699999999999406e+01,                      382,   9.9999999999994316e-02,                      inf
  8.5799999999999400e+01,                      382,   9.9999999999994316e-02,                      inf
  8.5899999999999395e+01,                      382,   9.9999999999994316e-02,                      inf
  8.5999999999999389e+01,                      382,   9.9999999999994316e-02,                      inf
  8.6099999999999383e+01,                      382,   9.9999999999994316e-02,                      inf
  8.6199999999999378e+01,                      382,   9.9999999999994316e-02,                      inf
  8.6299999999999372e+01,                      382,   9.9999999999994316e-02,                      inf
  8.6399999999999366e+01,                      382,   9.9999999999994316e-02,                      inf
  8.6499999999999361e+01,                      382,   9.9999999999994316e-02,                      inf
  8.6599999999999355e+01,                      382,   9.9999999999994316e-02,                      inf
  8.6699999999999349e+01,                      382,   9.9999999999994316e-02,                      inf
  8.6799999999999343e+01,                      382,   9.9999999999994316e-02,                      inf
  8.6899999999999338e+01,                      382,   9.9999999999994316e-02,                      inf
  8.6999999999999332e+01,                      382,   9.9999999999994316e-02,                      inf
  8.7099999999999326e+01,                      382,   9.9999999999994316e-02,                      inf
  8.7199999999999321e+01,                      382,   9.9999999999994316e-02,                      inf
  8.7299999999999315e+01,                      382,   9.9999999999994316e-02,                      inf
  8.7399999999999309e+01,                      382,   9.9999999999994316e-02,                      inf
  8.7499999999999304e+01,                      382,   9.9999999999994316e-02,                      inf
  8.7599999999999298e+01,                      382,   9.9999999999994316e-02,                      inf
  8.7699999999999292e+01,                      382,   9.9999999999994316e-02,                      inf
  8.7799999999999287e+01,                      382,   9.9999999999994316e-02,                      inf
  8.7899999999999281e+01,                      382,   9.9999999999994316e-02,                      inf
  8.7999999999999275e+01,                      382,   9.9999999999994316e-02,                      inf
  8.8099999999999270e+01,                      382,   9.9999999999994316e-02,                      inf
  8.8199999999999264e+01,                      382,   9.9999999999994316e-02,                      inf
  8.8299999999999258e+01,                      382,   9.9999999999994316e-02,                      inf
  8.8399999999999253e+01,                      382,   9.9999999999994316e-02,                      inf
  8.8499999999999247e+01,                      382,   9.9999999999994316e-02,                      inf
  8.8599999999999241e+01,                      382,   9.9999999999994316e-02,                      inf
  8.8699999999999235e+01,                      382,   9.9999999999994316e-02,                      inf
  8.8799999999999230e+01,                      382,   9.9999999999994316e-02,                      inf
  8.8899999999999224e+01,                      382,   9.9999999999994316e-02,                      inf
  8.8999999999999218e+01,                      382,   9.9999999999994316e-02,                      inf
  8.9099999999999213e+01,                      382,   9.9999999999994316e-02,                      inf
  8.9199999999999207e+01,                      382,   9.9999999999994316e-02,                      inf
  8.9299999999999201e+01,                      382,   9.9999999999994316e-02,                      inf
  8.9399999999999196e+01,                      382,   9.9999999999994316e-02,                      inf
  8.9499999999999190e+01,                      382,   9.9999999999994316e-02,                      inf
  8.9599999999999184e+01,                      382,   9.9999999999994316e-02,                      inf
  8.9699999999999179e+01,                      382,   9.9999999999994316e-02,                      inf
  8.9799999999999173e+01,                      382,   9.9999999999994316e-02,                      inf
  8.9899999999999167e+01,                      382,   9.9999999999994316e-02,                      inf
  8.9999999999999162e+01,                      382,   9.9999999999994316e-02,                      inf
  9.0099999999999156e+01,                      382,   9.9999999999994316e-02,                      inf
  9.0199999999999150e+01,                      382,   9.9999999999994316e-02,                      inf
  9.0299999999999145e+01,                      382,   9.9999999999994316e-02,                      inf
  9.0399999999999139e+01,                      382,   9.9999999999994316e-02,                      inf
  9.0499999999999133e+01,                      382,   9.9999999999994316e-02,                      inf
  9.0599999999999127e+01,                      382,   9.9999999999994316e-02,                      inf
  9.0699999999999122e+01,                      382,   9.9999999999994316e-02,                      inf
  9.0799999999999116e+01,                      382,   9.9999999999994316e-02,                      inf
  9.0899999999999110e+01,                      382,   9.9999999999994316e-02,                      inf
  9.0999999999999105e+01,                      382,   9.9999999999994316e-02,                      inf
  9.1099999999999099e+01,                      382,   9.9999999999994316e-02,                      inf
  9.1199999999999093e+01,                      382,   9.9999999999994316e-02,                      inf
  9.1299999999999088e+01,                      382,   9.9999999999994316e-02,                      inf
  9.1399999999999082e+01,                      382,   9.9999999999994316e-02,                      inf
  9.1499999999999076e+01,                      382,   9.9999999999994316e-02,                      inf
  9.1599999999999071e+01,                      382,   9.9999999999994316e-02,                      inf
  9.1699999999999065e+01,                      382,   9.9999999999994316e-02,                      inf
  9.1799999999999059e+01,                      382,   9.9999999999994316e-02,                      inf
  9.1899999999999054e+01,                      382,   9.9999999999994316e-02,                      inf
  9.1999999999999048e+01,                      382,   9.9999999999994316e-02,                      inf
  9.2099999999999042e+01,                      382,   9.9999999999994316e-02,                      inf
  9.2199999999999037e+01,                      382,   9.9999999999994316e-02,                      inf
  9.2299999999999031e+01,                      382,   9.9999999999994316e-02,                      inf
  9.2399999999999025e+01,                      382,   9.9999999999994316e-02,                      inf
  9.2499999999999019e+01,                      382,   9.9999999999994316e-02,                      inf
  9.2599999999999014e+01,                      382,   9.9999999999994316e-02,                      inf
  9.2699999999999008e+01,                      382,   9.9999999999994316e-02,                      inf
  9.2799999999999002e+01,                      382,   9.9999999999994316e-02,                      inf
  9.2899999999998997e+01,                      382,   9.9999999999994316e-02,                      inf
  9.2999999999998991e+01,                      382,   9.9999999999994316e-02,                      inf
  9.3099999999998985e+01,                      382,   9.9999999999994316e-02,                      inf
  9.3199999999998980e+01,                      382,   9.9999999999994316e-02,                      inf
  9.3299999999998974e+01,                      382,   9.9999999999994316e-02,                      inf
  9.3399999999998968e+01,                      382,   9.9999999999994316e-02,                      inf
  9.3499999999998963e+01,                      382,   9.9999999999994316e-02,                      inf
  9.3599999999998957e+01,                      382,   9.9999999999994316e-02,                      inf
  9.3699999999998951e+01,                      382,   9.9999999999994316e-02,                      inf
  9.3799999999998946e+01,                      382,   9.9999999999994316e-02,                      inf
  9.3899999999998940e+01,                      382,   9.9999999999994316e-02,                      inf
  9.3999999999998934e+01,                      382,   9.9999999999994316e-02,                      inf
  9.4099999999998929e+01,                      382,   9.9999999999994316e-02,                      inf
  9.4199999999998923e+01,                      382,   9.9999999999994316e-02,                      inf
  9.4299999999998917e+01,                      382,   9.9999999999994316e-02,                      inf
  9.4399999999998911e+01,                      382,   9.9999999999994316e-02,                      inf
  9.4499999999998906e+01,                      382,   9.9999999999994316e-02,                      inf
  9.4599999999998900e+01,                      382,   9.9999999999994316e-02,                      inf
  9.4699999999998894e+01,                      382,   9.9999999999994316e-02,                      inf
  9.4799999999998889e+01,                      382,   9.9999999999994316e-02,                      inf
  9.4899999999998883e+01,                      382,   9.9999999999994316e-02,                      inf
  9.4999999999998877e+01,                      382,   9.9999999999994316e-02,                      inf
  9.5099999999998872e+01,                      382,   9.9999999999994316e-02,                      inf
  9.5199999999998866e+01,                      382,   9.9999999999994316e-02,                      inf
  9.5299999999998860e+01,                      382,   9.9999999999994316e-02,                      inf
  9.5399999999998855e+01,                      382,   9.9999999999994316e-02,                      inf
  9.5499999999998849e+01,                      382,   9.9999999999994316e-02,                      inf
  9.5599999999998843e+01,                      382,   9.9999999999994316e-02,                      inf
  9.5699999999998838e+01,                      382,   9.9999999999994316e-02,                      inf
  9.5799999999998832e+01,                      382,   9.9999999999994316e-02,                      inf
  9.5899999999998826e+01,                      382,   9.9999999999994316e-02,                      inf
  9.5999999999998820e+01,                      382,   9.9999999999994316e-02,                      inf
  9.6099999999998815e+01,                      382,   9.9999999999994316e-02,                      inf
  9.6199999999998809e+01,                      382,   9.9999999999994316e-02,                      inf
  9.6299999999998803e+01,                      382,   9.9999999999994316e-02,                      inf
  9.6399999999998798e+01,                      382,   9.9999999999994316e-02,                      inf
  9.6499999999998792e+01,                      382,   9.9999999999994316e-02,                      inf
  9.6599999999998786e+01,                      382,   9.9999999999994316e-02,                      inf
  9.6699999999998781e+01,                      382,   9.9999999999994316e-02,                      inf
  9.6799999999998775e+01,                      382,   9.9999999999994316e-02,                      inf
  9.6899999999998769e+01,                      382,   9.9999999999994316e-02,                      inf
  9.6999999999998764e+01,                      382,   9.9999999999994316e-02,                      inf
  9.7099999999998758e+01,                      382,   9.9999999999994316e-02,                      inf
  9.7199999999998752e+01,                      382,   9.9999999999994316e-02,                      inf
