  1.5339999999999963e+01,                      373,   9.9999999999999645e-02,                      inf
  1.5239999999999963e+01,                      373,   9.9999999999999645e-02,                      inf
  1.5439999999999962e+01,                      373,   9.9999999999999645e-02,                      inf
  1.5539999999999962e+01,                      373,   9.9999999999999645e-02,                      inf
  1.5939999999999960e+01,                      373,   9.9999999999999645e-02,                      inf
  1.5839999999999961e+01,                      373,   9.9999999999999645e-02,                      inf
  1.6039999999999960e+01,                      373,   9.9999999999999645e-02,                      inf
  1.6139999999999961e+01,                      373,   1.0000000000000142e-01,                      inf
  2.1340000000000035e+01,                      373,   1.0000000000000142e-01,                      inf
  2.1240000000000034e+01,                      373,   1.0000000000000142e-01,                      inf
  2.1440000000000037e+01,                      373,   1.0000000000000142e-01,                      inf
  2.1540000000000038e+01,                      373,   1.0000000000000142e-01,                      inf
  2.1640000000000040e+01,                      373,   1.0000000000000142e-01,                      inf
  2.1740000000000041e+01,                      373,   1.0000000000000142e-01,                      inf
  2.1840000000000042e+01,                      373,   1.0000000000000142e-01,                      inf
  2.1940000000000044e+01,                      373,   1.0000000000000142e-01,                      inf
  2.2040000000000045e+01,                      373,   1.0000000000000142e-01,                      inf
  2.2140000000000047e+01,                      373,   1.0000000000000142e-01,                      inf
  2.2240000000000048e+01,                      373,   1.0000000000000142e-01,                      inf
  2.2340000000000050e+01,                      373,   1.0000000000000142e-01,                      inf
  2.2440000000000051e+01,                      373,   1.0000000000000142e-01,                      inf
  2.2540000000000052e+01,                      373,   1.0000000000000142e-01,                      inf
  2.2640000000000054e+01,                      373,   1.0000000000000142e-01,                      inf
  2.2740000000000055e+01,                      373,   1.0000000000000142e-01,                      inf
  2.2840000000000057e+01,                      373,   1.0000000000000142e-01,                      inf
  2.2940000000000058e+01,                      373,   1.0000000000000142e-01,                      inf
  2.3040000000000060e+01,                      373,   1.0000000000000142e-01,                      inf
  2.3140000000000061e+01,                      373,   1.0000000000000142e-01,                      inf
  2.3240000000000062e+01,                      373,   1.0000000000000142e-01,                      inf
  2.3340000000000064e+01,                      373,   1.0000000000000142e-01,                      inf
  2.3440000000000065e+01,                      373,   1.0000000000000142e-01,                      inf
  2.3540000000000067e+01,                      373,   1.0000000000000142e-01,                      inf
  2.3640000000000068e+01,                      373,   1.0000000000000142e-01,                      inf
  2.3740000000000069e+01,                      373,   1.0000000000000142e-01,                      inf
  2.3840000000000071e+01,                      373,   1.0000000000000142e-01,                      inf
  2.3940000000000072e+01,                      373,   1.0000000000000142e-01,                      inf
  2.4040000000000074e+01,                      373,   1.0000000000000142e-01,                      inf
  2.4140000000000075e+01,                      373,   1.0000000000000142e-01,                      inf
  2.4240000000000077e+01,                      373,   1.0000000000000142e-01,                      inf
  2.4340000000000078e+01,                      373,   1.0000000000000142e-01,                      inf
  2.4440000000000079e+01,                      373,   1.0000000000000142e-01,                      inf
  2.4540000000000081e+01,                      373,   1.0000000000000142e-01,                      inf
  2.4640000000000082e+01,                      373,   1.0000000000000142e-01,                      inf
  2.4740000000000084e+01,                      373,   1.0000000000000142e-01,                      inf
  2.4840000000000085e+01,                      373,   1.0000000000000142e-01,                      inf
  2.4940000000000087e+01,                      373,   1.0000000000000142e-01,                      inf
  2.5040000000000088e+01,                      373,   1.0000000000000142e-01,                      inf
  2.5140000000000089e+01,                      373,   1.0000000000000142e-01,                      inf
  2.5240000000000091e+01,                      373,   1.0000000000000142e-01,                      inf
  2.5340000000000092e+01,                      373,   1.0000000000000142e-01,                      inf
  2.5440000000000094e+01,                      373,   1.0000000000000142e-01,                      inf
  2.5540000000000095e+01,                      373,   1.0000000000000142e-01,                      inf
  2.5640000000000096e+01,                      373,   1.0000000000000142e-01,                      inf
  2.5740000000000098e+01,                      373,   1.0000000000000142e-01,                      inf
  2.5840000000000099e+01,                      373,   1.0000000000000142e-01,                      inf
  2.5940000000000101e+01,                      373,   1.0000000000000142e-01,                      inf
  2.6040000000000102e+01,                      373,   1.0000000000000142e-01,                      inf
  2.6140000000000104e+01,                      373,   1.0000000000000142e-01,                      inf
  2.6240000000000105e+01,                      373,   1.0000000000000142e-01,                      inf
  2.6340000000000106e+01,                      373,   1.0000000000000142e-01,                      inf
  2.6440000000000108e+01,                      373,   1.0000000000000142e-01,                      inf
  2.6540000000000109e+01,                      373,   1.0000000000000142e-01,                      inf
  2.6640000000000111e+01,                      373,   1.0000000000000142e-01,                      inf
  2.6740000000000112e+01,                      373,   1.0000000000000142e-01,                      inf
  2.6840000000000114e+01,                      373,   1.0000000000000142e-01,                      inf
  2.6940000000000115e+01,                      373,   1.0000000000000142e-01,                      inf
  2.7040000000000116e+01,                      373,   1.0000000000000142e-01,                      inf
  2.7140000000000118e+01,                      373,   1.0000000000000142e-01,                      inf
  2.7240000000000119e+01,                      373,   1.0000000000000142e-01,                      inf
  2.7340000000000121e+01,                      373,   1.0000000000000142e-01,                      inf
  2.7440000000000122e+01,                      373,   1.0000000000000142e-01,                      inf
  2.7540000000000123e+01,                      373,   1.0000000000000142e-01,                      inf
  2.7640000000000125e+01,                      373,   1.0000000000000142e-01,                      inf
  2.7740000000000126e+01,                      373,   1.0000000000000142e-01,                      inf
  2.7840000000000128e+01,                      373,   1.0000000000000142e-01,                      inf
  2.7940000000000129e+01,                      373,   1.0000000000000142e-01,                      inf
  2.8040000000000131e+01,                      373,   1.0000000000000142e-01,                      inf
  2.8140000000000132e+01,                      373,   1.0000000000000142e-01,                      inf
  2.8240000000000133e+01,                      373,   1.0000000000000142e-01,                      inf
  2.8340000000000135e+01,                      373,   1.0000000000000142e-01,                      inf
  2.8440000000000136e+01,                      373,   1.0000000000000142e-01,                      inf
  2.8540000000000138e+01,                      373,   1.0000000000000142e-01,                      inf
  2.8640000000000139e+01,                      373,   1.0000000000000142e-01,                      inf
  2.8740000000000141e+01,                      373,   1.0000000000000142e-01,                      inf
  2.8840000000000142e+01,                      373,   1.0000000000000142e-01,                      inf
  2.8940000000000143e+01,                      373,   1.0000000000000142e-01,                      inf
  2.9040000000000145e+01,                      373,   1.0000000000000142e-01,                      inf
  2.9140000000000146e+01,                      373,   1.0000000000000142e-01,                      inf
  2.9240000000000148e+01,                      373,   1.0000000000000142e-01,                      inf
  2.9340000000000149e+01,                      373,   1.0000000000000142e-01,                      inf
  2.9440000000000150e+01,                      373,   1.0000000000000142e-01,                      inf
  2.9540000000000152e+01,                      373,   1.0000000000000142e-01,                      inf
  2.9640000000000153e+01,                      373,   1.0000000000000142e-01,                      inf
  2.9740000000000155e+01,                      373,   1.0000000000000142e-01,                      inf
  2.9840000000000156e+01,                      373,   1.0000000000000142e-01,                      inf
  2.9940000000000158e+01,                      373,   1.0000000000000142e-01,                      inf
  3.0040000000000159e+01,                      373,   1.0000000000000142e-01,                      inf
  3.0140000000000160e+01,                      373,   1.0000000000000142e-01,                      inf
  3.0240000000000162e+01,                      373,   1.0000000000000142e-01,                      inf
  3.0340000000000163e+01,                      373,   1.0000000000000142e-01,                      inf
  3.0440000000000165e+01,                      373,   1.0000000000000142e-01,                      inf
  3.0540000000000166e+01,                      373,   1.0000000000000142e-01,                      inf
  3.0640000000000168e+01,                      373,   1.0000000000000142e-01,                      inf
  3.0740000000000169e+01,                      373,   1.0000000000000142e-01,                      inf
  3.0840000000000170e+01,                      373,   1.0000000000000142e-01,                      inf
  3.0940000000000172e+01,                      373,   1.0000000000000142e-01,                      inf
  3.1040000000000173e+01,                      373,   1.0000000000000142e-01,                      inf
  3.1140000000000175e+01,                      373,   1.0000000000000142e-01,                      inf
  3.1240000000000176e+01,                      373,   1.0000000000000142e-01,                      inf
  3.1340000000000177e+01,                      373,   1.0000000000000142e-01,                      inf
  3.1440000000000179e+01,                      373,   1.0000000000000142e-01,                      inf
  3.1540000000000180e+01,                      373,   1.0000000000000142e-01,                      inf
  3.1640000000000182e+01,                      373,   1.0000000000000142e-01,                      inf
  3.1740000000000183e+01,                      373,   1.0000000000000142e-01,                      inf
  3.1840000000000185e+01,                      373,   1.0000000000000142e-01,                      inf
  3.1940000000000186e+01,                      373,   1.0000000000000142e-01,                      inf
  3.2040000000000184e+01,                      373,   9.9999999999997868e-02,                      inf
  3.2140000000000185e+01,                      373,   1.0000000000000142e-01,                      inf
  3.2240000000000187e+01,                      373,   1.0000000000000142e-01,                      inf
  3.2340000000000188e+01,                      373,   1.0000000000000142e-01,                      inf
  3.2440000000000190e+01,                      373,   1.0000000000000142e-01,                      inf
  3.2540000000000191e+01,                      373,   1.0000000000000142e-01,                      inf
  3.2640000000000192e+01,                      373,   1.0000000000000142e-01,                      inf
  3.2740000000000194e+01,                      373,   1.0000000000000142e-01,                      inf
  3.2840000000000195e+01,                      373,   1.0000000000000142e-01,                      inf
  3.2940000000000197e+01,                      373,   1.0000000000000142e-01,                      inf
  3.3040000000000198e+01,                      373,   1.0000000000000142e-01,                      inf
  3.3140000000000200e+01,                      373,   1.0000000000000142e-01,                      inf
  3.3240000000000201e+01,                      373,   1.0000000000000142e-01,                      inf
  3.3340000000000202e+01,                      373,   1.0000000000000142e-01,                      inf
  3.3440000000000204e+01,                      373,   1.0000000000000142e-01,                      inf
  3.3540000000000205e+01,                      373,   1.0000000000000142e-01,                      inf
  3.3640000000000207e+01,                      373,   1.0000000000000142e-01,                      inf
  3.3740000000000208e+01,                      373,   1.0000000000000142e-01,                      inf
  3.3840000000000209e+01,                      373,   1.0000000000000142e-01,                      inf
  3.3940000000000211e+01,                      373,   1.0000000000000142e-01,                      inf
  3.4040000000000212e+01,                      373,   1.0000000000000142e-01,                      inf
  3.4140000000000214e+01,                      373,   1.0000000000000142e-01,                      inf
  3.4240000000000215e+01,                      373,   1.0000000000000142e-01,                      inf
  3.4340000000000217e+01,                      373,   1.0000000000000142e-01,                      inf
  3.4440000000000218e+01,                      373,   1.0000000000000142e-01,                      inf
  3.4540000000000219e+01,                      373,   1.0000000000000142e-01,                      inf
  3.4640000000000221e+01,                      373,   1.0000000000000142e-01,                      inf
  3.4740000000000222e+01,                      373,   1.0000000000000142e-01,                      inf
  3.4840000000000224e+01,                      373,   1.0000000000000142e-01,                      inf
  3.4940000000000225e+01,                      373,   1.0000000000000142e-01,                      inf
  3.5040000000000227e+01,                      373,   1.0000000000000142e-01,                      inf
  3.5140000000000228e+01,                      373,   1.0000000000000142e-01,                      inf
  3.5240000000000229e+01,                      373,   1.0000000000000142e-01,                      inf
  3.5340000000000231e+01,                      373,   1.0000000000000142e-01,                      inf
  3.5440000000000232e+01,                      373,   1.0000000000000142e-01,                      inf
  3.5540000000000234e+01,                      373,   1.0000000000000142e-01,                      inf
  3.5640000000000235e+01,                      373,   1.0000000000000142e-01,                      inf
  3.5740000000000236e+01,                      373,   1.0000000000000142e-01,                      inf
  3.5840000000000238e+01,                      373,   1.0000000000000142e-01,                      inf
  3.5940000000000239e+01,                      373,   1.0000000000000142e-01,                      inf
  3.6040000000000241e+01,                      373,   1.0000000000000142e-01,                      inf
  3.6140000000000242e+01,                      373,   1.0000000000000142e-01,                      inf
  3.6240000000000244e+01,                      373,   1.0000000000000142e-01,                      inf
  3.6340000000000245e+01,                      373,   1.0000000000000142e-01,                      inf
  3.6440000000000246e+01,                      373,   1.0000000000000142e-01,                      inf
  3.6540000000000248e+01,                      373,   1.0000000000000142e-01,                      inf
  3.6640000000000249e+01,                      373,   1.0000000000000142e-01,                      inf
  3.6740000000000251e+01,                      373,   1.0000000000000142e-01,                      inf
  3.6840000000000252e+01,                      373,   1.0000000000000142e-01,                      inf
  3.6940000000000254e+01,                      373,   1.0000000000000142e-01,                      inf
  3.7040000000000255e+01,                      373,   1.0000000000000142e-01,                      inf
  3.7140000000000256e+01,                      373,   1.0000000000000142e-01,                      inf
  3.7240000000000258e+01,                      373,   1.0000000000000142e-01,                      inf
  3.7340000000000259e+01,                      373,   1.0000000000000142e-01,                      inf
  3.7440000000000261e+01,                      373,   1.0000000000000142e-01,                      inf
  3.7540000000000262e+01,                      373,   1.0000000000000142e-01,                      inf
  3.7640000000000263e+01,                      373,   1.0000000000000142e-01,                      inf
  3.7740000000000265e+01,                      373,   1.0000000000000142e-01,                      inf
  3.7840000000000266e+01,                      373,   1.0000000000000142e-01,                      inf
  3.7940000000000268e+01,                      373,   1.0000000000000142e-01,                      inf
  3.8040000000000269e+01,                      373,   1.0000000000000142e-01,                      inf
  3.8140000000000271e+01,                      373,   1.0000000000000142e-01,                      inf
  3.8240000000000272e+01,                      373,   1.0000000000000142e-01,                      inf
  3.8340000000000273e+01,                      373,   1.0000000000000142e-01,                      inf
  3.8440000000000275e+01,                      373,   1.0000000000000142e-01,                      inf
  3.8540000000000276e+01,                      373,   1.0000000000000142e-01,                      inf
  3.8640000000000278e+01,                      373,   1.0000000000000142e-01,                      inf
  3.8740000000000279e+01,                      373,   1.0000000000000142e-01,                      inf
  3.8840000000000281e+01,                      373,   1.0000000000000142e-01,                      inf
  3.8940000000000282e+01,                      373,   1.0000000000000142e-01,                      inf
  3.9040000000000283e+01,                      373,   1.0000000000000142e-01,                      inf
  3.9140000000000285e+01,                      373,   1.0000000000000142e-01,                      inf
  3.9240000000000286e+01,                      373,   1.0000000000000142e-01,                      inf
  3.9340000000000288e+01,                      373,   1.0000000000000142e-01,                      inf
  3.9440000000000289e+01,                      373,   1.0000000000000142e-01,                      inf
  3.9540000000000290e+01,                      373,   1.0000000000000142e-01,                      inf
  3.9640000000000292e+01,                      373,   1.0000000000000142e-01,                      inf
  3.9740000000000293e+01,                      373,   1.0000000000000142e-01,                      inf
  3.9840000000000295e+01,                      373,   1.0000000000000142e-01,                      inf
  3.9940000000000296e+01,                      373,   1.0000000000000142e-01,                      inf
  4.0040000000000298e+01,                      373,   1.0000000000000142e-01,                      inf
  4.0140000000000299e+01,                      373,   1.0000000000000142e-01,                      inf
  4.0240000000000300e+01,                      373,   1.0000000000000142e-01,                      inf
  4.0340000000000302e+01,                      373,   1.0000000000000142e-01,                      inf
  4.0440000000000303e+01,                      373,   1.0000000000000142e-01,                      inf
  4.0540000000000305e+01,                      373,   1.0000000000000142e-01,                      inf
  4.0640000000000306e+01,                      373,   1.0000000000000142e-01,                      inf
  4.0740000000000308e+01,                      373,   1.0000000000000142e-01,                      inf
  4.0840000000000309e+01,                      373,   1.0000000000000142e-01,                      inf
  4.0940000000000310e+01,                      373,   1.0000000000000142e-01,                      inf
  4.1040000000000312e+01,                      373,   1.0000000000000142e-01,                      inf
  4.1140000000000313e+01,                      373,   1.0000000000000142e-01,                      inf
  4.1240000000000315e+01,                      373,   1.0000000000000142e-01,                      inf
  4.1340000000000316e+01,                      373,   1.0000000000000142e-01,                      inf
  4.1440000000000317e+01,                      373,   1.0000000000000142e-01,                      inf
  4.1540000000000319e+01,                      373,   1.0000000000000142e-01,                      inf
  4.1640000000000320e+01,                      373,   1.0000000000000142e-01,                      inf
  4.1740000000000322e+01,                      373,   1.0000000000000142e-01,                      inf
  4.1840000000000323e+01,                      373,   1.0000000000000142e-01,                      inf
  4.1940000000000325e+01,                      373,   1.0000000000000142e-01,                      inf
  4.2040000000000326e+01,                      373,   1.0000000000000142e-01,                      inf
  4.2140000000000327e+01,                      373,   1.0000000000000142e-01,                      inf
  4.2240000000000329e+01,                      373,   1.0000000000000142e-01,                      inf
  4.2340000000000330e+01,                      373,   1.0000000000000142e-01,                      inf
  4.2440000000000332e+01,                      373,   1.0000000000000142e-01,                      inf
  4.2540000000000333e+01,                      373,   1.0000000000000142e-01,                      inf
  4.2640000000000335e+01,                      373,   1.0000000000000142e-01,                      inf
  4.2740000000000336e+01,                      373,   1.0000000000000142e-01,                      inf
  4.2840000000000337e+01,                      373,   1.0000000000000142e-01,                      inf
  4.2940000000000339e+01,                      373,   1.0000000000000142e-01,                      inf
  4.3040000000000340e+01,                      373,   1.0000000000000142e-01,                      inf
  4.3140000000000342e+01,                      373,   1.0000000000000142e-01,                      inf
  4.3240000000000343e+01,                      373,   1.0000000000000142e-01,                      inf
  4.3340000000000344e+01,                      373,   1.0000000000000142e-01,                      inf
  4.3440000000000346e+01,                      373,   1.0000000000000142e-01,                      inf
  4.3540000000000347e+01,                      373,   1.0000000000000142e-01,                      inf
  4.3640000000000349e+01,                      373,   1.0000000000000142e-01,                      inf
  4.3740000000000350e+01,                      373,   1.0000000000000142e-01,                      inf
  4.3840000000000352e+01,                      373,   1.0000000000000142e-01,                      inf
  4.3940000000000353e+01,                      373,   1.0000000000000142e-01,                      inf
  4.4040000000000354e+01,                      373,   1.0000000000000142e-01,                      inf
  4.4140000000000356e+01,                      373,   1.0000000000000142e-01,                      inf
  4.4240000000000357e+01,                      373,   1.0000000000000142e-01,                      inf
  4.4340000000000359e+01,                      373,   1.0000000000000142e-01,                      inf
  4.4440000000000360e+01,                      373,   1.0000000000000142e-01,                      inf
  4.4540000000000362e+01,                      373,   1.0000000000000142e-01,                      inf
  4.4640000000000363e+01,                      373,   1.0000000000000142e-01,                      inf
  4.4740000000000364e+01,                      373,   1.0000000000000142e-01,                      inf
  4.4840000000000366e+01,                      373,   1.0000000000000142e-01,                      inf
  4.4940000000000367e+01,                      373,   1.0000000000000142e-01,                      inf
  4.5040000000000369e+01,                      373,   1.0000000000000142e-01,                      inf
  4.5140000000000370e+01,                      373,   1.0000000000000142e-01,                      inf
  4.5240000000000371e+01,                      373,   1.0000000000000142e-01,                      inf
  4.5340000000000373e+01,                      373,   1.0000000000000142e-01,                      inf
  4.5440000000000374e+01,                      373,   1.0000000000000142e-01,                      inf
  4.5540000000000376e+01,                      373,   1.0000000000000142e-01,                      inf
  4.5640000000000377e+01,                      373,   1.0000000000000142e-01,                      inf
  4.5740000000000379e+01,                      373,   1.0000000000000142e-01,                      inf
  4.5840000000000380e+01,                      373,   1.0000000000000142e-01,                      inf
  4.5940000000000381e+01,                      373,   1.0000000000000142e-01,                      inf
  4.6040000000000383e+01,                      373,   1.0000000000000142e-01,                      inf
  4.6140000000000384e+01,                      373,   1.0000000000000142e-01,                      inf
  4.6240000000000386e+01,                      373,   1.0000000000000142e-01,                      inf
  4.6340000000000387e+01,                      373,   1.0000000000000142e-01,                      inf
  4.6440000000000389e+01,                      373,   1.0000000000000142e-01,                      inf
  4.6540000000000390e+01,                      373,   1.0000000000000142e-01,                      inf
  4.6640000000000391e+01,                      373,   1.0000000000000142e-01,                      inf
  4.6740000000000393e+01,                      373,   1.0000000000000142e-01,                      inf
  4.6840000000000394e+01,                      373,   1.0000000000000142e-01,                      inf
  4.6940000000000396e+01,                      373,   1.0000000000000142e-01,                      inf
  4.7040000000000397e+01,                      373,   1.0000000000000142e-01,                      inf
  4.7140000000000398e+01,                      373,   1.0000000000000142e-01,                      inf
  4.7240000000000400e+01,                      373,   1.0000000000000142e-01,                      inf
  4.7340000000000401e+01,                      373,   1.0000000000000142e-01,                      inf
  4.7440000000000403e+01,                      373,   1.0000000000000142e-01,                      inf
  4.7540000000000404e+01,                      373,   1.0000000000000142e-01,                      inf
  4.7640000000000406e+01,                      373,   1.0000000000000142e-01,                      inf
  4.7740000000000407e+01,                      373,   1.0000000000000142e-01,                      inf
  4.7840000000000408e+01,                      373,   1.0000000000000142e-01,                      inf
  4.7940000000000410e+01,                      373,   1.0000000000000142e-01,                      inf
  4.8040000000000411e+01,                      373,   1.0000000000000142e-01,                      inf
  4.8140000000000413e+01,                      373,   1.0000000000000142e-01,                      inf
  4.8240000000000414e+01,                      373,   1.0000000000000142e-01,                      inf
  4.8340000000000416e+01,                      373,   1.0000000000000142e-01,                      inf
  4.8440000000000417e+01,                      373,   1.0000000000000142e-01,                      inf
  4.8540000000000418e+01,                      373,   1.0000000000000142e-01,                      inf
  4.8640000000000420e+01,                      373,   1.0000000000000142e-01,                      inf
  4.8740000000000421e+01,                      373,   1.0000000000000142e-01,                      inf
  4.8840000000000423e+01,                      373,   1.0000000000000142e-01,                      inf
  4.8940000000000424e+01,                      373,   1.0000000000000142e-01,                      inf
  4.9040000000000425e+01,                      373,   1.0000000000000142e-01,                      inf
  4.9140000000000427e+01,                      373,   1.0000000000000142e-01,                      inf
  4.9240000000000428e+01,                      373,   1.0000000000000142e-01,                      inf
  4.9340000000000430e+01,                      373,   1.0000000000000142e-01,                      inf
  4.9440000000000431e+01,                      373,   1.0000000000000142e-01,                      inf
  4.9540000000000433e+01,                      373,   1.0000000000000142e-01,                      inf
  4.9640000000000434e+01,                      373,   1.0000000000000142e-01,                      inf
  4.9740000000000435e+01,                      373,   1.0000000000000142e-01,                      inf
  4.9840000000000437e+01,                      373,   1.0000000000000142e-01,                      inf
  4.9940000000000438e+01,                      373,   1.0000000000000142e-01,                      inf
  5.0040000000000440e+01,                      373,   1.0000000000000142e-01,                      inf
  5.0140000000000441e+01,                      373,   1.0000000000000142e-01,                      inf
  5.0240000000000443e+01,                      373,   1.0000000000000142e-01,                      inf
  5.0340000000000444e+01,                      373,   1.0000000000000142e-01,                      inf
  5.0440000000000445e+01,                      373,   1.0000000000000142e-01,                      inf
  5.0540000000000447e+01,                      373,   1.0000000000000142e-01,                      inf
  5.0640000000000448e+01,                      373,   1.0000000000000142e-01,                      inf
  5.0740000000000450e+01,                      373,   1.0000000000000142e-01,                      inf
  5.0840000000000451e+01,                      373,   1.0000000000000142e-01,                      inf
  5.0940000000000452e+01,                      373,   1.0000000000000142e-01,                      inf
  5.1040000000000454e+01,                      373,   1.0000000000000142e-01,                      inf
  5.1140000000000455e+01,                      373,   1.0000000000000142e-01,                      inf
  5.1240000000000457e+01,                      373,   1.0000000000000142e-01,                      inf
  5.1340000000000458e+01,                      373,   1.0000000000000142e-01,                      inf
  5.1440000000000460e+01,                      373,   1.0000000000000142e-01,                      inf
  5.1540000000000461e+01,                      373,   1.0000000000000142e-01,                      inf
  5.1640000000000462e+01,                      373,   1.0000000000000142e-01,                      inf
  5.1740000000000464e+01,                      373,   1.0000000000000142e-01,                      inf
  5.1840000000000465e+01,                      373,   1.0000000000000142e-01,                      inf
  5.1940000000000467e+01,                      373,   1.0000000000000142e-01,                      inf
  5.2040000000000468e+01,                      373,   1.0000000000000142e-01,                      inf
  5.2140000000000470e+01,                      373,   1.0000000000000142e-01,                      inf
  5.2240000000000471e+01,                      373,   1.0000000000000142e-01,                      inf
  5.2340000000000472e+01,                      373,   1.0000000000000142e-01,                      inf
  5.2440000000000474e+01,                      373,   1.0000000000000142e-01,                      inf
  5.2540000000000475e+01,                      373,   1.0000000000000142e-01,                      inf
  5.2640000000000477e+01,                      373,   1.0000000000000142e-01,                      inf
  5.2740000000000478e+01,                      373,   1.0000000000000142e-01,                      inf
  5.2840000000000479e+01,                      373,   1.0000000000000142e-01,                      inf
  5.2940000000000481e+01,                      373,   1.0000000000000142e-01,                      inf
  5.3040000000000482e+01,                      373,   1.0000000000000142e-01,                      inf
  5.3140000000000484e+01,                      373,   1.0000000000000142e-01,                      inf
  5.3240000000000485e+01,                      373,   1.0000000000000142e-01,                      inf
  5.3340000000000487e+01,                      373,   1.0000000000000142e-01,                      inf
  5.3440000000000488e+01,                      373,   1.0000000000000142e-01,                      inf
  5.3540000000000489e+01,                      373,   1.0000000000000142e-01,                      inf
  5.3640000000000491e+01,                      373,   1.0000000000000142e-01,                      inf
  5.3740000000000492e+01,                      373,   1.0000000000000142e-01,                      inf
  5.3840000000000494e+01,                      373,   1.0000000000000142e-01,                      inf
  5.3940000000000495e+01,                      373,   1.0000000000000142e-01,                      inf
  5.4040000000000497e+01,                      373,   1.0000000000000142e-01,                      inf
  5.4140000000000498e+01,                      373,   1.0000000000000142e-01,                      inf
  5.4240000000000499e+01,                      373,   1.0000000000000142e-01,                      inf
  5.4340000000000501e+01,                      373,   1.0000000000000142e-01,                      inf
  5.4440000000000502e+01,                      373,   1.0000000000000142e-01,                      inf
  5.4540000000000504e+01,                      373,   1.0000000000000142e-01,                      inf
  5.4640000000000505e+01,                      373,   1.0000000000000142e-01,                      inf
  5.4740000000000506e+01,                      373,   1.0000000000000142e-01,                      inf
  5.4840000000000508e+01,                      373,   1.0000000000000142e-01,                      inf
  5.4940000000000509e+01,                      373,   1.0000000000000142e-01,                      inf
  5.5040000000000511e+01,                      373,   1.0000000000000142e-01,                      inf
  5.5140000000000512e+01,                      373,   1.0000000000000142e-01,                      inf
  5.5240000000000514e+01,                      373,   1.0000000000000142e-01,                      inf
  5.5340000000000515e+01,                      373,   1.0000000000000142e-01,                      inf
  5.5440000000000516e+01,                      373,   1.0000000000000142e-01,                      inf
  5.5540000000000518e+01,                      373,   1.0000000000000142e-01,                      inf
  5.5640000000000519e+01,                      373,   1.0000000000000142e-01,                      inf
  5.5740000000000521e+01,                      373,   1.0000000000000142e-01,                      inf
  5.5840000000000522e+01,                      373,   1.0000000000000142e-01,                      inf
  5.5940000000000524e+01,                      373,   1.0000000000000142e-01,                      inf
  5.6040000000000525e+01,                      373,   1.0000000000000142e-01,                      inf
  5.6140000000000526e+01,                      373,   1.0000000000000142e-01,                      inf
  5.6240000000000528e+01,                      373,   1.0000000000000142e-01,                      inf
  5.6340000000000529e+01,                      373,   1.0000000000000142e-01,                      inf
  5.6440000000000531e+01,                      373,   1.0000000000000142e-01,                      inf
  5.6540000000000532e+01,                      373,   1.0000000000000142e-01,                      inf
  5.6640000000000533e+01,                      373,   1.0000000000000142e-01,                      inf
  5.6740000000000535e+01,                      373,   1.0000000000000142e-01,                      inf
  5.6840000000000536e+01,                      373,   1.0000000000000142e-01,                      inf
  5.6940000000000538e+01,                      373,   1.0000000000000142e-01,                      inf
  5.7040000000000539e+01,                      373,   1.0000000000000142e-01,                      inf
  5.7140000000000541e+01,                      373,   1.0000000000000142e-01,                      inf
  5.7240000000000542e+01,                      373,   1.0000000000000142e-01,                      inf
  5.7340000000000543e+01,                      373,   1.0000000000000142e-01,                      inf
  5.7440000000000545e+01,                      373,   1.0000000000000142e-01,                      inf
  5.7540000000000546e+01,                      373,   1.0000000000000142e-01,                      inf
  5.7640000000000548e+01,                      373,   1.0000000000000142e-01,                      inf
  5.7740000000000549e+01,                      373,   1.0000000000000142e-01,                      inf
  5.7840000000000551e+01,                      373,   1.0000000000000142e-01,                      inf
  5.7940000000000552e+01,                      373,   1.0000000000000142e-01,                      inf
  5.8040000000000553e+01,                      373,   1.0000000000000142e-01,                      inf
  5.8140000000000555e+01,                      373,   1.0000000000000142e-01,                      inf
  5.8240000000000556e+01,                      373,   1.0000000000000142e-01,                      inf
  5.8340000000000558e+01,                      373,   1.0000000000000142e-01,                      inf
  5.8440000000000559e+01,                      373,   1.0000000000000142e-01,                      inf
  5.8540000000000560e+01,                      373,   1.0000000000000142e-01,                      inf
  5.8640000000000562e+01,                      373,   1.0000000000000142e-01,                      inf
  5.8740000000000563e+01,                      373,   1.0000000000000142e-01,                      inf
  5.8840000000000565e+01,                      373,   1.0000000000000142e-01,                      inf
  5.8940000000000566e+01,                      373,   1.0000000000000142e-01,                      inf
  5.9040000000000568e+01,                      373,   1.0000000000000142e-01,                      inf
  5.9140000000000569e+01,                      373,   1.0000000000000142e-01,                      inf
  5.9240000000000570e+01,                      373,   1.0000000000000142e-01,                      inf
  5.9340000000000572e+01,                      373,   1.0000000000000142e-01,                      inf
  5.9440000000000573e+01,                      373,   1.0000000000000142e-01,                      inf
  5.9540000000000575e+01,                      373,   1.0000000000000142e-01,                      inf
  5.9640000000000576e+01,                      373,   1.0000000000000142e-01,                      inf
  5.9740000000000578e+01,                      373,   1.0000000000000142e-01,                      inf
  5.9840000000000579e+01,                      373,   1.0000000000000142e-01,                      inf
  5.9940000000000580e+01,                      373,   1.0000000000000142e-01,                      inf
  6.0040000000000582e+01,                      373,   1.0000000000000142e-01,                      inf
  6.0140000000000583e+01,                      373,   1.0000000000000142e-01,                      inf
  6.0240000000000585e+01,                      373,   1.0000000000000142e-01,                      inf
  6.0340000000000586e+01,                      373,   1.0000000000000142e-01,                      inf
  6.0440000000000587e+01,                      373,   1.0000000000000142e-01,                      inf
  6.0540000000000589e+01,                      373,   1.0000000000000142e-01,                      inf
  6.0640000000000590e+01,                      373,   1.0000000000000142e-01,                      inf
  6.0740000000000592e+01,                      373,   1.0000000000000142e-01,                      inf
  6.0840000000000593e+01,                      373,   1.0000000000000142e-01,                      inf
  6.0940000000000595e+01,                      373,   1.0000000000000142e-01,                      inf
  6.1040000000000596e+01,                      373,   1.0000000000000142e-01,                      inf
  6.1140000000000597e+01,                      373,   1.0000000000000142e-01,                      inf
  6.1240000000000599e+01,                      373,   1.0000000000000142e-01,                      inf
  6.1340000000000600e+01,                      373,   1.0000000000000142e-01,                      inf
  6.1440000000000602e+01,                      373,   1.0000000000000142e-01,                      inf
  6.1540000000000603e+01,                      373,   1.0000000000000142e-01,                      inf
  6.1640000000000605e+01,                      373,   1.0000000000000142e-01,                      inf
  6.1740000000000606e+01,                      373,   1.0000000000000142e-01,                      inf
  6.1840000000000607e+01,                      373,   1.0000000000000142e-01,                      inf
  6.1940000000000609e+01,                      373,   1.0000000000000142e-01,                      inf
  6.2040000000000610e+01,                      373,   1.0000000000000142e-01,                      inf
  6.2140000000000612e+01,                      373,   1.0000000000000142e-01,                      inf
  6.2240000000000613e+01,                      373,   1.0000000000000142e-01,                      inf
  6.2340000000000614e+01,                      373,   1.0000000000000142e-01,                      inf
  6.2440000000000616e+01,                      373,   1.0000000000000142e-01,                      inf
  6.2540000000000617e+01,                      373,   1.0000000000000142e-01,                      inf
  6.2640000000000619e+01,                      373,   1.0000000000000142e-01,                      inf
  6.2740000000000620e+01,                      373,   1.0000000000000142e-01,                      inf
  6.2840000000000622e+01,                      373,   1.0000000000000142e-01,                      inf
  6.2940000000000623e+01,                      373,   1.0000000000000142e-01,                      inf
  6.3040000000000624e+01,                      373,   1.0000000000000142e-01,                      inf
  6.3140000000000626e+01,                      373,   1.0000000000000142e-01,                      inf
  6.3240000000000627e+01,                      373,   1.0000000000000142e-01,                      inf
  6.3340000000000629e+01,                      373,   1.0000000000000142e-01,                      inf
  6.3440000000000630e+01,                      373,   1.0000000000000142e-01,                      inf
  6.3540000000000632e+01,                      373,   1.0000000000000142e-01,                      inf
  6.3640000000000633e+01,                      373,   1.0000000000000142e-01,                      inf
  6.3740000000000634e+01,                      373,   1.0000000000000142e-01,                      inf
  6.3840000000000636e+01,                      373,   1.0000000000000142e-01,                      inf
  6.3940000000000637e+01,                      373,   1.0000000000000142e-01,                      inf
  6.4040000000000632e+01,                      373,   9.9999999999994316e-02,                      inf
  6.4140000000000626e+01,                      373,   9.9999999999994316e-02,                      inf
  6.4240000000000620e+01,                      373,   9.9999999999994316e-02,                      inf
  6.4340000000000614e+01,                      373,   9.9999999999994316e-02,                      inf
  6.4440000000000609e+01,                      373,   9.9999999999994316e-02,                      inf
  6.4540000000000603e+01,                      373,   9.9999999999994316e-02,                      inf
  6.4640000000000597e+01,                      373,   9.9999999999994316e-02,                      inf
  6.4740000000000592e+01,                      373,   9.9999999999994316e-02,                      inf
  6.4840000000000586e+01,                      373,   9.9999999999994316e-02,                      inf
  6.4940000000000580e+01,                      373,   9.9999999999994316e-02,                      inf
  6.5040000000000575e+01,                      373,   9.9999999999994316e-02,                      inf
  6.5140000000000569e+01,                      373,   9.9999999999994316e-02,                      inf
  6.5240000000000563e+01,                      373,   9.9999999999994316e-02,                      inf
  6.5340000000000558e+01,                      373,   9.9999999999994316e-02,                      inf
  6.5440000000000552e+01,                      373,   9.9999999999994316e-02,                      inf
  6.5540000000000546e+01,                      373,   9.9999999999994316e-02,                      inf
  6.5640000000000541e+01,                      373,   9.9999999999994316e-02,                      inf
  6.5740000000000535e+01,                      373,   9.9999999999994316e-02,                      inf
  6.5840000000000529e+01,                      373,   9.9999999999994316e-02,                      inf
  6.5940000000000524e+01,                      373,   9.9999999999994316e-02,                      inf
  6.6040000000000518e+01,                      373,   9.9999999999994316e-02,                      inf
  6.6140000000000512e+01,                      373,   9.9999999999994316e-02,                      inf
  6.6240000000000506e+01,                      373,   9.9999999999994316e-02,                      inf
  6.6340000000000501e+01,                      373,   9.9999999999994316e-02,                      inf
  6.6440000000000495e+01,                      373,   9.9999999999994316e-02,                      inf
  6.6540000000000489e+01,                      373,   9.9999999999994316e-02,                      inf
  6.6640000000000484e+01,                      373,   9.9999999999994316e-02,                      inf
  6.6740000000000478e+01,                      373,   9.9999999999994316e-02,                      inf
  6.6840000000000472e+01,                      373,   9.9999999999994316e-02,                      inf
  6.6940000000000467e+01,                      373,   9.9999999999994316e-02,                      inf
  6.7040000000000461e+01,                      373,   9.9999999999994316e-02,                      inf
  6.7140000000000455e+01,                      373,   9.9999999999994316e-02,                      inf
  6.7240000000000450e+01,                      373,   9.9999999999994316e-02,                      inf
  6.7340000000000444e+01,                      373,   9.9999999999994316e-02,                      inf
  6.7440000000000438e+01,                      373,   9.9999999999994316e-02,                      inf
  6.7540000000000433e+01,                      373,   9.9999999999994316e-02,                      inf
  6.7640000000000427e+01,                      373,   9.9999999999994316e-02,                      inf
  6.7740000000000421e+01,                      373,   9.9999999999994316e-02,                      inf
  6.7840000000000416e+01,                      373,   9.9999999999994316e-02,                      inf
  6.7940000000000410e+01,                      373,   9.9999999999994316e-02,                      inf
  6.8040000000000404e+01,                      373,   9.9999999999994316e-02,                      inf
  6.8140000000000398e+01,                      373,   9.9999999999994316e-02,                      inf
  6.8240000000000393e+01,                      373,   9.9999999999994316e-02,                      inf
  6.8340000000000387e+01,                      373,   9.9999999999994316e-02,                      inf
  6.8440000000000381e+01,                      373,   9.9999999999994316e-02,                      inf
  6.8540000000000376e+01,                      373,   9.9999999999994316e-02,                      inf
  6.8640000000000370e+01,                      373,   9.9999999999994316e-02,                      inf
  6.8740000000000364e+01,                      373,   9.9999999999994316e-02,                      inf
  6.8840000000000359e+01,                      373,   9.9999999999994316e-02,                      inf
  6.8940000000000353e+01,                      373,   9.9999999999994316e-02,                      inf
  6.9040000000000347e+01,                      373,   9.9999999999994316e-02,                      inf
  6.9140000000000342e+01,                      373,   9.9999999999994316e-02,                      inf
  6.9240000000000336e+01,                      373,   9.9999999999994316e-02,                      inf
  6.9340000000000330e+01,                      373,   9.9999999999994316e-02,                      inf
  6.9440000000000325e+01,                      373,   9.9999999999994316e-02,                      inf
  6.9540000000000319e+01,                      373,   9.9999999999994316e-02,                      inf
  6.9640000000000313e+01,                      373,   9.9999999999994316e-02,                      inf
  6.9740000000000308e+01,                      373,   9.9999999999994316e-02,                      inf
  6.9840000000000302e+01,                      373,   9.9999999999994316e-02,                      inf
  6.9940000000000296e+01,                      373,   9.9999999999994316e-02,                      inf
  7.0040000000000290e+01,                      373,   9.9999999999994316e-02,                      inf
  7.0140000000000285e+01,                      373,   9.9999999999994316e-02,                      inf
  7.0240000000000279e+01,                      373,   9.9999999999994316e-02,                      inf
  7.0340000000000273e+01,                      373,   9.9999999999994316e-02,                      inf
  7.0440000000000268e+01,                      373,   9.9999999999994316e-02,                      inf
  7.0540000000000262e+01,                      373,   9.9999999999994316e-02,                      inf
  7.0640000000000256e+01,                      373,   9.9999999999994316e-02,                      inf
  7.0740000000000251e+01,                      373,   9.9999999999994316e-02,                      inf
  7.0840000000000245e+01,                      373,   9.9999999999994316e-02,                      inf
  7.0940000000000239e+01,                      373,   9.9999999999994316e-02,                      inf
  7.1040000000000234e+01,                      373,   9.9999999999994316e-02,                      inf
  7.1140000000000228e+01,                      373,   9.9999999999994316e-02,                      inf
  7.1240000000000222e+01,                      373,   9.9999999999994316e-02,                      inf
  7.1340000000000217e+01,                      373,   9.9999999999994316e-02,                      inf
  7.1440000000000211e+01,                      373,   9.9999999999994316e-02,                      inf
  7.1540000000000205e+01,                      373,   9.9999999999994316e-02,                      inf
  7.1640000000000200e+01,                      373,   9.9999999999994316e-02,                      inf
  7.1740000000000194e+01,                      373,   9.9999999999994316e-02,                      inf
  7.1840000000000188e+01,                      373,   9.9999999999994316e-02,                      inf
  7.1940000000000182e+01,                      373,   9.9999999999994316e-02,                      inf
  7.2040000000000177e+01,                      373,   9.9999999999994316e-02,                      inf
  7.2140000000000171e+01,                      373,   9.9999999999994316e-02,                      inf
  7.2240000000000165e+01,                      373,   9.9999999999994316e-02,                      inf
  7.2340000000000160e+01,                      373,   9.9999999999994316e-02,                      inf
  7.2440000000000154e+01,                      373,   9.9999999999994316e-02,                      inf
  7.2540000000000148e+01,                      373,   9.9999999999994316e-02,                      inf
  7.2640000000000143e+01,                      373,   9.9999999999994316e-02,                      inf
  7.2740000000000137e+01,                      373,   9.9999999999994316e-02,                      inf
  7.2840000000000131e+01,                      373,   9.9999999999994316e-02,                      inf
  7.2940000000000126e+01,                      373,   9.9999999999994316e-02,                      inf
  7.3040000000000120e+01,                      373,   9.9999999999994316e-02,                      inf
  7.3140000000000114e+01,                      373,   9.9999999999994316e-02,                      inf
  7.3240000000000109e+01,                      373,   9.9999999999994316e-02,                      inf
  7.3340000000000103e+01,                      373,   9.9999999999994316e-02,                      inf
  7.3440000000000097e+01,                      373,   9.9999999999994316e-02,                      inf
  7.3540000000000092e+01,                      373,   9.9999999999994316e-02,                      inf
  7.3640000000000086e+01,                      373,   9.9999999999994316e-02,                      inf
  7.3740000000000080e+01,                      373,   9.9999999999994316e-02,                      inf
  7.3840000000000074e+01,                      373,   9.9999999999994316e-02,                      inf
  7.3940000000000069e+01,                      373,   9.9999999999994316e-02,                      inf
  7.4040000000000063e+01,                      373,   9.9999999999994316e-02,                      inf
  7.4140000000000057e+01,                      373,   9.9999999999994316e-02,                      inf
  7.4240000000000052e+01,                      373,   9.9999999999994316e-02,                      inf
  7.4340000000000046e+01,                      373,   9.9999999999994316e-02,                      inf
  7.4440000000000040e+01,                      373,   9.9999999999994316e-02,                      inf
  7.4540000000000035e+01,                      373,   9.9999999999994316e-02,                      inf
  7.4640000000000029e+01,                      373,   9.9999999999994316e-02,                      inf
  7.4740000000000023e+01,                      373,   9.9999999999994316e-02,                      inf
  7.4840000000000018e+01,                      373,   9.9999999999994316e-02,                      inf
  7.4940000000000012e+01,                      373,   9.9999999999994316e-02,                      inf
  7.5040000000000006e+01,                      373,   9.9999999999994316e-02,                      inf
  7.5140000000000001e+01,                      373,   9.9999999999994316e-02,                      inf
  7.5239999999999995e+01,                      373,   9.9999999999994316e-02,                      inf
  7.5339999999999989e+01,                      373,   9.9999999999994316e-02,                      inf
  7.5439999999999984e+01,                      373,   9.9999999999994316e-02,                      inf
  7.5539999999999978e+01,                      373,   9.9999999999994316e-02,                      inf
  7.5639999999999972e+01,                      373,   9.9999999999994316e-02,                      inf
  7.5739999999999966e+01,                      373,   9.9999999999994316e-02,                      inf
  7.5839999999999961e+01,                      373,   9.9999999999994316e-02,                      inf
  7.5939999999999955e+01,                      373,   9.9999999999994316e-02,                      inf
  7.6039999999999949e+01,                      373,   9.9999999999994316e-02,                      inf
  7.6139999999999944e+01,                      373,   9.9999999999994316e-02,                      inf
  7.6239999999999938e+01,                      373,   9.9999999999994316e-02,                      inf
  7.6339999999999932e+01,                      373,   9.9999999999994316e-02,                      inf
  7.6439999999999927e+01,                      373,   9.9999999999994316e-02,                      inf
  7.6539999999999921e+01,                      373,   9.9999999999994316e-02,                      inf
  7.6639999999999915e+01,                      373,   9.9999999999994316e-02,                      inf
  7.6739999999999910e+01,                      373,   9.9999999999994316e-02,                      inf
  7.6839999999999904e+01,                      373,   9.9999999999994316e-02,                      inf
  7.6939999999999898e+01,                      373,   9.9999999999994316e-02,                      inf
  7.7039999999999893e+01,                      373,   9.9999999999994316e-02,                      inf
  7.7139999999999887e+01,                      373,   9.9999999999994316e-02,                      inf
  7.7239999999999881e+01,                      373,   9.9999999999994316e-02,                      inf
  7.7339999999999876e+01,                      373,   9.9999999999994316e-02,                      inf
  7.7439999999999870e+01,                      373,   9.9999999999994316e-02,                      inf
  7.7539999999999864e+01,                      373,   9.9999999999994316e-02,                      inf
  7.7639999999999858e+01,                      373,   9.9999999999994316e-02,                      inf
  7.7739999999999853e+01,                      373,   9.9999999999994316e-02,                      inf
  7.7839999999999847e+01,                      373,   9.9999999999994316e-02,                      inf
  7.7939999999999841e+01,                      373,   9.9999999999994316e-02,                      inf
  7.8039999999999836e+01,                      373,   9.9999999999994316e-02,                      inf
  7.8139999999999830e+01,                      373,   9.9999999999994316e-02,                      inf
  7.8239999999999824e+01,                      373,   9.9999999999994316e-02,                      inf
  7.8339999999999819e+01,                      373,   9.9999999999994316e-02,                      inf
  7.8439999999999813e+01,                      373,   9.9999999999994316e-02,                      inf
  7.8539999999999807e+01,                      373,   9.9999999999994316e-02,                      inf
  7.8639999999999802e+01,                      373,   9.9999999999994316e-02,                      inf
  7.8739999999999796e+01,                      373,   9.9999999999994316e-02,                      inf
  7.8839999999999790e+01,                      373,   9.9999999999994316e-02,                      inf
  7.8939999999999785e+01,                      373,   9.9999999999994316e-02,                      inf
  7.9039999999999779e+01,                      373,   9.9999999999994316e-02,                      inf
  7.9139999999999773e+01,                      373,   9.9999999999994316e-02,                      inf
  7.9239999999999768e+01,                      373,   9.9999999999994316e-02,                      inf
  7.9339999999999762e+01,                      373,   9.9999999999994316e-02,                      inf
  7.9439999999999756e+01,                      373,   9.9999999999994316e-02,                      inf
  7.9539999999999750e+01,                      373,   9.9999999999994316e-02,                      inf
  7.9639999999999745e+01,                      373,   9.9999999999994316e-02,                      inf
  7.9739999999999739e+01,                      373,   9.9999999999994316e-02,                      inf
  7.9839999999999733e+01,                      373,   9.9999999999994316e-02,                      inf
  7.9939999999999728e+01,                      373,   9.9999999999994316e-02,                      inf
  8.0039999999999722e+01,                      373,   9.9999999999994316e-02,                      inf
  8.0139999999999716e+01,                      373,   9.9999999999994316e-02,                      inf
  8.0239999999999711e+01,                      373,   9.9999999999994316e-02,                      inf
  8.0339999999999705e+01,                      373,   9.9999999999994316e-02,                      inf
  8.0439999999999699e+01,                      373,   9.9999999999994316e-02,                      inf
  8.0539999999999694e+01,                      373,   9.9999999999994316e-02,                      inf
  8.0639999999999688e+01,                      373,   9.9999999999994316e-02,                      inf
  8.0739999999999682e+01,                      373,   9.9999999999994316e-02,                      inf
  8.0839999999999677e+01,                      373,   9.9999999999994316e-02,                      inf
  8.0939999999999671e+01,                      373,   9.9999999999994316e-02,                      inf
  8.1039999999999665e+01,                      373,   9.9999999999994316e-02,                      inf
  8.1139999999999660e+01,                      373,   9.9999999999994316e-02,                      inf
  8.1239999999999654e+01,                      373,   9.9999999999994316e-02,                      inf
  8.1339999999999648e+01,                      373,   9.9999999999994316e-02,                      inf
  8.1439999999999642e+01,                      373,   9.9999999999994316e-02,                      inf
  8.1539999999999637e+01,                      373,   9.9999999999994316e-02,                      inf
  8.1639999999999631e+01,                      373,   9.9999999999994316e-02,                      inf
  8.1739999999999625e+01,                      373,   9.9999999999994316e-02,                      inf
  8.1839999999999620e+01,                      373,   9.9999999999994316e-02,                      inf
  8.1939999999999614e+01,                      373,   9.9999999999994316e-02,                      inf
  8.2039999999999608e+01,                      373,   9.9999999999994316e-02,                      inf
  8.2139999999999603e+01,                      373,   9.9999999999994316e-02,                      inf
  8.2239999999999597e+01,                      373,   9.9999999999994316e-02,                      inf
  8.2339999999999591e+01,                      373,   9.9999999999994316e-02,                      inf
  8.2439999999999586e+01,                      373,   9.9999999999994316e-02,                      inf
  8.2539999999999580e+01,                      373,   9.9999999999994316e-02,                      inf
  8.2639999999999574e+01,                      373,   9.9999999999994316e-02,                      inf
  8.2739999999999569e+01,                      373,   9.9999999999994316e-02,                      inf
  8.2839999999999563e+01,                      373,   9.9999999999994316e-02,                      inf
  8.2939999999999557e+01,                      373,   9.9999999999994316e-02,                      inf
  8.3039999999999552e+01,                      373,   9.9999999999994316e-02,                      inf
  8.3139999999999546e+01,                      373,   9.9999999999994316e-02,                      inf
  8.3239999999999540e+01,                      373,   9.9999999999994316e-02,                      inf
  8.3339999999999534e+01,                      373,   9.9999999999994316e-02,                      inf
  8.3439999999999529e+01,                      373,   9.9999999999994316e-02,                      inf
  8.3539999999999523e+01,                      373,   9.9999999999994316e-02,                      inf
  8.3639999999999517e+01,                      373,   9.9999999999994316e-02,                      inf
  8.3739999999999512e+01,                      373,   9.9999999999994316e-02,                      inf
  8.3839999999999506e+01,                      373,   9.9999999999994316e-02,                      inf
  8.3939999999999500e+01,                      373,   9.9999999999994316e-02,                      inf
  8.4039999999999495e+01,                      373,   9.9999999999994316e-02,                      inf
  8.4139999999999489e+01,                      373,   9.9999999999994316e-02,                      inf
  8.4239999999999483e+01,                      373,   9.9999999999994316e-02,                      inf
  8.4339999999999478e+01,                      373,   9.9999999999994316e-02,                      inf
  8.4439999999999472e+01,                      373,   9.9999999999994316e-02,                      inf
  8.4539999999999466e+01,                      373,   9.9999999999994316e-02,                      inf
  8.4639999999999461e+01,                      373,   9.9999999999994316e-02,                      inf
  8.4739999999999455e+01,                      373,   9.9999999999994316e-02,                      inf
  8.4839999999999449e+01,                      373,   9.9999999999994316e-02,                      inf
  8.4939999999999444e+01,                      373,   9.9999999999994316e-02,                      inf
  8.5039999999999438e+01,                      373,   9.9999999999994316e-02,                      inf
  8.5139999999999432e+01,                      373,   9.9999999999994316e-02,                      inf
  8.5239999999999426e+01,                      373,   9.9999999999994316e-02,                      inf
  8.5339999999999421e+01,                      373,   9.9999999999994316e-02,                      inf
  8.5439999999999415e+01,                      373,   9.9999999999994316e-02,                      inf
  8.5539999999999409e+01,                      373,   9.9999999999994316e-02,                      inf
  8.5639999999999404e+01,                      373,   9.9999999999994316e-02,                      inf
  8.5739999999999398e+01,                      373,   9.9999999999994316e-02,                      inf
  8.5839999999999392e+01,                      373,   9.9999999999994316e-02,                      inf
  8.5939999999999387e+01,                      373,   9.9999999999994316e-02,                      inf
  8.6039999999999381e+01,                      373,   9.9999999999994316e-02,                      inf
  8.6139999999999375e+01,                      373,   9.9999999999994316e-02,                      inf
  8.6239999999999370e+01,                      373,   9.9999999999994316e-02,                      inf
  8.6339999999999364e+01,                      373,   9.9999999999994316e-02,                      inf
  8.6439999999999358e+01,                      373,   9.9999999999994316e-02,                      inf
  8.6539999999999353e+01,                      373,   9.9999999999994316e-02,                      inf
  8.6639999999999347e+01,                      373,   9.9999999999994316e-02,                      inf
  8.6739999999999341e+01,                      373,   9.9999999999994316e-02,                      inf
  8.6839999999999336e+01,                      373,   9.9999999999994316e-02,                      inf
  8.6939999999999330e+01,                      373,   9.9999999999994316e-02,                      inf
  8.7039999999999324e+01,                      373,   9.9999999999994316e-02,                      inf
  8.7139999999999318e+01,                      373,   9.9999999999994316e-02,                      inf
  8.7239999999999313e+01,                      373,   9.9999999999994316e-02,                      inf
  8.7339999999999307e+01,                      373,   9.9999999999994316e-02,                      inf
  8.7439999999999301e+01,                      373,   9.9999999999994316e-02,                      inf
  8.7539999999999296e+01,                      373,   9.9999999999994316e-02,                      inf
  8.7639999999999290e+01,                      373,   9.9999999999994316e-02,                      inf
  8.7739999999999284e+01,                      373,   9.9999999999994316e-02,                      inf
  8.7839999999999279e+01,                      373,   9.9999999999994316e-02,                      inf
  8.7939999999999273e+01,                      373,   9.9999999999994316e-02,                      inf
  8.8039999999999267e+01,                      373,   9.9999999999994316e-02,                      inf
  8.8139999999999262e+01,                      373,   9.9999999999994316e-02,                      inf
  8.8239999999999256e+01,                      373,   9.9999999999994316e-02,                      inf
  8.8339999999999250e+01,                      373,   9.9999999999994316e-02,                      inf
  8.8439999999999245e+01,                      373,   9.9999999999994316e-02,                      inf
  8.8539999999999239e+01,                      373,   9.9999999999994316e-02,                      inf
  8.8639999999999233e+01,                      373,   9.9999999999994316e-02,                      inf
  8.8739999999999227e+01,                      373,   9.9999999999994316e-02,                      inf
  8.8839999999999222e+01,                      373,   9.9999999999994316e-02,                      inf
  8.8939999999999216e+01,                      373,   9.9999999999994316e-02,                      inf
  8.9039999999999210e+01,                      373,   9.9999999999994316e-02,                      inf
  8.9139999999999205e+01,                      373,   9.9999999999994316e-02,                      inf
  8.9239999999999199e+01,                      373,   9.9999999999994316e-02,                      inf
  8.9339999999999193e+01,                      373,   9.9999999999994316e-02,                      inf
  8.9439999999999188e+01,                      373,   9.9999999999994316e-02,                      inf
  8.9539999999999182e+01,                      373,   9.9999999999994316e-02,                      inf
  8.9639999999999176e+01,                      373,   9.9999999999994316e-02,                      inf
  8.9739999999999171e+01,                      373,   9.9999999999994316e-02,                      inf
  8.9839999999999165e+01,                      373,   9.9999999999994316e-02,                      inf
  8.9939999999999159e+01,                      373,   9.9999999999994316e-02,                      inf
  9.0039999999999154e+01,                      373,   9.9999999999994316e-02,                      inf
  9.0139999999999148e+01,                      373,   9.9999999999994316e-02,                      inf
  9.0239999999999142e+01,                      373,   9.9999999999994316e-02,                      inf
  9.0339999999999137e+01,                      373,   9.9999999999994316e-02,                      inf
  9.0439999999999131e+01,                      373,   9.9999999999994316e-02,                      inf
  9.0539999999999125e+01,                      373,   9.9999999999994316e-02,                      inf
  9.0639999999999119e+01,                      373,   9.9999999999994316e-02,                      inf
  9.0739999999999114e+01,                      373,   9.9999999999994316e-02,                      inf
  9.0839999999999108e+01,                      373,   9.9999999999994316e-02,                      inf
  9.0939999999999102e+01,                      373,   9.9999999999994316e-02,                      inf
  9.1039999999999097e+01,                      373,   9.9999999999994316e-02,                      inf
  9.1139999999999091e+01,                      373,   9.9999999999994316e-02,                      inf
  9.1239999999999085e+01,                      373,   9.9999999999994316e-02,                      inf
  9.1339999999999080e+01,                      373,   9.9999999999994316e-02,                      inf
  9.1439999999999074e+01,                      373,   9.9999999999994316e-02,                      inf
  9.1539999999999068e+01,                      373,   9.9999999999994316e-02,                      inf
  9.1639999999999063e+01,                      373,   9.9999999999994316e-02,                      inf
  9.1739999999999057e+01,                      373,   9.9999999999994316e-02,                      inf
  9.1839999999999051e+01,                      373,   9.9999999999994316e-02,                      inf
  9.1939999999999046e+01,                      373,   9.9999999999994316e-02,                      inf
  9.2039999999999040e+01,                      373,   9.9999999999994316e-02,                      inf
  9.2139999999999034e+01,                      373,   9.9999999999994316e-02,                      inf
  9.2239999999999029e+01,                      373,   9.9999999999994316e-02,                      inf
  9.2339999999999023e+01,                      373,   9.9999999999994316e-02,                      inf
  9.2439999999999017e+01,                      373,   9.9999999999994316e-02,                      inf
  9.2539999999999011e+01,                      373,   9.9999999999994316e-02,                      inf
  9.2639999999999006e+01,                      373,   9.9999999999994316e-02,                      inf
  9.2739999999999000e+01,                      373,   9.9999999999994316e-02,                      inf
  9.2839999999998994e+01,                      373,   9.9999999999994316e-02,                      inf
  9.2939999999998989e+01,                      373,   9.9999999999994316e-02,                      inf
  9.3039999999998983e+01,                      373,   9.9999999999994316e-02,                      inf
  9.3139999999998977e+01,                      373,   9.9999999999994316e-02,                      inf
  9.3239999999998972e+01,                      373,   9.9999999999994316e-02,                      inf
  9.3339999999998966e+01,                      373,   9.9999999999994316e-02,                      inf
  9.3439999999998960e+01,                      373,   9.9999999999994316e-02,                      inf
  9.3539999999998955e+01,                      373,   9.9999999999994316e-02,                      inf
  9.3639999999998949e+01,                      373,   9.9999999999994316e-02,                      inf
  9.3739999999998943e+01,                      373,   9.9999999999994316e-02,                      inf
  9.3839999999998938e+01,                      373,   9.9999999999994316e-02,                      inf
  9.3939999999998932e+01,                      373,   9.9999999999994316e-02,                      inf
  9.4039999999998926e+01,                      373,   9.9999999999994316e-02,                      inf
  9.4139999999998921e+01,                      373,   9.9999999999994316e-02,                      inf
  9.4239999999998915e+01,                      373,   9.9999999999994316e-02,                      inf
  9.4339999999998909e+01,                      373,   9.9999999999994316e-02,                      inf
  9.4439999999998903e+01,                      373,   9.9999999999994316e-02,                      inf
  9.4539999999998898e+01,                      373,   9.9999999999994316e-02,                      inf
  9.4639999999998892e+01,                      373,   9.9999999999994316e-02,                      inf
  9.4739999999998886e+01,                      373,   9.9999999999994316e-02,                      inf
  9.4839999999998881e+01,                      373,   9.9999999999994316e-02,                      inf
  9.4939999999998875e+01,                      373,   9.9999999999994316e-02,                      inf
  9.5039999999998869e+01,                      373,   9.9999999999994316e-02,                      inf
  9.5139999999998864e+01,                      373,   9.9999999999994316e-02,                      inf
  9.5239999999998858e+01,                      373,   9.9999999999994316e-02,                      inf
  9.5339999999998852e+01,                      373,   9.9999999999994316e-02,                      inf
  9.5439999999998847e+01,                      373,   9.9999999999994316e-02,                      inf
  9.5539999999998841e+01,                      373,   9.9999999999994316e-02,                      inf
  9.5639999999998835e+01,                      373,   9.9999999999994316e-02,                      inf
  9.5739999999998830e+01,                      373,   9.9999999999994316e-02,                      inf
  9.5839999999998824e+01,                      373,   9.9999999999994316e-02,                      inf
  9.5939999999998818e+01,                      373,   9.9999999999994316e-02,                      inf
  9.6039999999998813e+01,                      373,   9.9999999999994316e-02,                      inf
  9.6139999999998807e+01,                      373,   9.9999999999994316e-02,                      inf
  9.6239999999998801e+01,                      373,   9.9999999999994316e-02,                      inf
  9.6339999999998795e+01,                      373,   9.9999999999994316e-02,                      inf
  9.6439999999998790e+01,                      373,   9.9999999999994316e-02,                      inf
  9.6539999999998784e+01,                      373,   9.9999999999994316e-02,                      inf
  9.6639999999998778e+01,                      373,   9.9999999999994316e-02,                      inf
  9.6739999999998773e+01,                      373,   9.9999999999994316e-02,                      inf
  9.6839999999998767e+01,                      373,   9.9999999999994316e-02,                      inf
  9.6939999999998761e+01,                      373,   9.9999999999994316e-02,                      inf
  9.7039999999998756e+01,                      373,   9.9999999999994316e-02,                      inf
  9.7139999999998750e+01,                      373,   9.9999999999994316e-02,                      inf
  9.7239999999998744e+01,                      373,   9.9999999999994316e-02,                      inf
  9.7339999999998739e+01,                      373,   9.9999999999994316e-02,                      inf
  9.7439999999998733e+01,                      373,   9.9999999999994316e-02,                      inf
  9.7539999999998727e+01,                      373,   9.9999999999994316e-02,                      inf
  9.7639999999998722e+01,                      373,   9.9999999999994316e-02,                      inf
  9.7739999999998716e+01,                      373,   9.9999999999994316e-02,                      inf
  9.7839999999998710e+01,                      373,   9.9999999999994316e-02,                      inf
  9.7939999999998705e+01,                      373,   9.9999999999994316e-02,                      inf
  9.8039999999998699e+01,                      373,   9.9999999999994316e-02,                      inf
  9.8139999999998693e+01,                      373,   9.9999999999994316e-02,                      inf
  9.8239999999998687e+01,                      373,   9.9999999999994316e-02,                      inf
  9.8339999999998682e+01,                      373,   9.9999999999994316e-02,                      inf
  9.8439999999998676e+01,                      373,   9.9999999999994316e-02,                      inf
  9.8539999999998670e+01,                      373,   9.9999999999994316e-02,                      inf
  9.8639999999998665e+01,                      373,   9.9999999999994316e-02,                      inf
  9.8739999999998659e+01,                      373,   9.9999999999994316e-02,                      inf
  9.8839999999998653e+01,                      373,   9.9999999999994316e-02,                      inf
  9.8939999999998648e+01,                      373,   9.9999999999994316e-02,                      inf
  9.9039999999998642e+01,                      373,   9.9999999999994316e-02,                      inf
  9.9139999999998636e+01,                      373,   9.9999999999994316e-02,                      inf
  9.9239999999998631e+01,                      373,   9.9999999999994316e-02,                      inf
  9.9339999999998625e+01,                      373,   9.9999999999994316e-02,                      inf
  9.9439999999998619e+01,                      373,   9.9999999999994316e-02,                      inf
  9.9539999999998614e+01,                      373,   9.9999999999994316e-02,                      inf
  9.9639999999998608e+01,                      373,   9.9999999999994316e-02,                      inf
  9.9739999999998602e+01,                      373,   9.9999999999994316e-02,                      inf
  9.9839999999998597e+01,                      373,   9.9999999999994316e-02,                      inf
  9.9939999999998591e+01,                      373,   9.9999999999994316e-02,                      inf
  1.0003999999999859e+02,                      373,   9.9999999999994316e-02,                      inf
  1.0013999999999858e+02,                      373,   9.9999999999994316e-02,                      inf
  1.0023999999999857e+02,                      373,   9.9999999999994316e-02,                      inf
  1.0033999999999857e+02,                      373,   9.9999999999994316e-02,                      inf
  1.0043999999999856e+02,                      373,   9.9999999999994316e-02,                      inf
  1.0053999999999856e+02,                      373,   9.9999999999994316e-02,                      inf
  1.0063999999999855e+02,                      373,   9.9999999999994316e-02,                      inf
  1.0073999999999855e+02,                      373,   9.9999999999994316e-02,                      inf
  1.0083999999999854e+02,                      373,   9.9999999999994316e-02,                      inf
  1.0093999999999853e+02,                      373,   9.9999999999994316e-02,                      inf
  1.0103999999999853e+02,                      373,   9.9999999999994316e-02,                      inf
  1.0113999999999852e+02,                      373,   9.9999999999994316e-02,                      inf
  1.0123999999999852e+02,                      373,   9.9999999999994316e-02,                      inf
  1.0133999999999851e+02,                      373,   9.9999999999994316e-02,                      inf
  1.0143999999999851e+02,                      373,   9.9999999999994316e-02,                      inf
  1.0153999999999850e+02,                      373,   9.9999999999994316e-02,                      inf
  1.0163999999999849e+02,                      373,   9.9999999999994316e-02,                      inf
  1.0173999999999849e+02,                      373,   9.9999999999994316e-02,                      inf
  1.0183999999999848e+02,                      373,   9.9999999999994316e-02,                      inf
  1.0193999999999848e+02,                      373,   9.9999999999994316e-02,                      inf
  1.0203999999999847e+02,                      373,   9.9999999999994316e-02,                      inf
  1.0213999999999847e+02,                      373,   9.9999999999994316e-02,                      inf
  1.0223999999999846e+02,                      373,   9.9999999999994316e-02,                      inf
  1.0233999999999845e+02,                      373,   9.9999999999994316e-02,                      inf
  1.0243999999999845e+02,                      373,   9.9999999999994316e-02,                      inf
  1.0253999999999844e+02,                      373,   9.9999999999994316e-02,                      inf
  1.0263999999999844e+02,                      373,   9.9999999999994316e-02,                      inf
  1.0273999999999843e+02,                      373,   9.9999999999994316e-02,                      inf
  1.0283999999999843e+02,                      373,   9.9999999999994316e-02,                      inf
  1.0293999999999842e+02,                      373,   9.9999999999994316e-02,                      inf
